landing.css:1 
55x55.png:1 
nav-expand.png:1 
nav-expand.png:1 
telepointerGO.js:3570 john@gmail.com =>P2P_CHAT_SENT=>to:darin_gmail_com*text:am trying to find to option to add input dataset
telepointerGO.js:3570 john@gmail.com =>P2P_CHAT_SENT=>to:darin_gmail_com*text:wait
telepointerGO.js:309 john@gmail.com =>BACKGROUND_SINGLE_CLICKED
telepointerGO.js:1313 john@gmail.com =>FLOOR_REQUESTED
jquery.min.js:4 [Deprecation] Synchronous XMLHttpRequest on the main thread is deprecated because of its detrimental effects to the end user's experience. For more help, check https://xhr.spec.whatwg.org/.
send @ jquery.min.js:4
telepointerGO.js:895 john@gmail.com =>GOT_THE_FLOOR
telepointerGO.js:318 john@gmail.com =>MODULE_CONFIG_CLOSED
telepointerGO.js:3089 john@gmail.com =>MODULE_ADDED=>module_id:3
telepointerGO.js:2338 john@gmail.com =>MODULE_CONFIG_CHANGE=>moduleID:module_id_3
telepointerGO.js:2338 john@gmail.com =>MODULE_CONFIG_CHANGE=>moduleID:module_id_3
telepointerGO.js:2338 john@gmail.com =>MODULE_CONFIG_CHANGE=>moduleID:module_id_3
telepointerGO.js:309 john@gmail.com =>BACKGROUND_SINGLE_CLICKED
telepointerGO.js:406 john@gmail.com =>MODULE_MOVED=>key:module_id_3*x:-48*y:-256
telepointerGO.js:406 john@gmail.com =>MODULE_MOVED=>key:module_id_1*x:-630.9896302842922*y:-511.31733719947533
telepointerGO.js:406 john@gmail.com =>MODULE_MOVED=>key:module_id_2*x:-613.1933921528785*y:-240.02531888167448
telepointerGO.js:406 john@gmail.com =>MODULE_MOVED=>key:module_id_3*x:-96.13238467382166*y:-411.8572456104704
telepointerGO.js:3089 john@gmail.com =>MODULE_ADDED=>module_id:4
telepointerGO.js:3089 john@gmail.com =>MODULE_ADDED=>module_id:5
telepointerGO.js:2338 john@gmail.com =>MODULE_CONFIG_CHANGE=>moduleID:module_id_4
telepointerGO.js:2338 john@gmail.com =>MODULE_CONFIG_CHANGE=>moduleID:module_id_4
telepointerGO.js:2338 john@gmail.com =>MODULE_CONFIG_CHANGE=>moduleID:module_id_4
telepointerGO.js:2338 john@gmail.com =>MODULE_CONFIG_CHANGE=>moduleID:module_id_5
telepointerGO.js:2338 john@gmail.com =>MODULE_CONFIG_CHANGE=>moduleID:module_id_5
telepointerGO.js:2338 john@gmail.com =>MODULE_CONFIG_CHANGE=>moduleID:module_id_5
telepointerGO.js:406 john@gmail.com =>MODULE_MOVED=>key:module_id_3*x:-151.14082430104645*y:-278.1561778006897
telepointerGO.js:406 john@gmail.com =>MODULE_MOVED=>key:module_id_3*x:-125.92862280523514*y:-580.7025957504263
telepointerGO.js:406 john@gmail.com =>MODULE_MOVED=>key:module_id_5*x:-96.26476934764344*y:-270.458161500522
telepointerGO.js:336 john@gmail.com =>MODULE_DELETED=>module_id:module_id_4
telepointerGO.js:406 john@gmail.com =>MODULE_MOVED=>key:module_id_1*x:-720.3783446785325*y:-515.9013738350774
telepointerGO.js:2338 john@gmail.com =>MODULE_CONFIG_CHANGE=>moduleID:module_id_3
telepointerGO.js:383 john@gmail.com =>DATALINK_ADDED=>from:module_id_1*frompid:output.txt*to:module_id_3*topid:file_to_groom.txt
telepointerGO.js:2338 john@gmail.com =>MODULE_CONFIG_CHANGE=>moduleID:module_id_5
telepointerGO.js:383 john@gmail.com =>DATALINK_ADDED=>from:module_id_2*frompid:output.txt*to:module_id_5*topid:file_to_groom.txt
telepointerGO.js:3089 john@gmail.com =>MODULE_ADDED=>module_id:6
telepointerGO.js:2338 john@gmail.com =>MODULE_CONFIG_CHANGE=>moduleID:module_id_6
telepointerGO.js:2338 john@gmail.com =>MODULE_CONFIG_CHANGE=>moduleID:module_id_6
telepointerGO.js:2338 john@gmail.com =>MODULE_CONFIG_CHANGE=>moduleID:module_id_6
telepointerGO.js:2338 john@gmail.com =>MODULE_CONFIG_CHANGE=>moduleID:module_id_6
telepointerGO.js:2338 john@gmail.com =>MODULE_CONFIG_CHANGE=>moduleID:module_id_6
telepointerGO.js:309 john@gmail.com =>BACKGROUND_SINGLE_CLICKED
telepointerGO.js:406 john@gmail.com =>MODULE_MOVED=>key:module_id_6*x:268.16614318272104*y:-451.52760860680394
telepointerGO.js:406 john@gmail.com =>MODULE_MOVED=>key:module_id_3*x:-208.44128224607255*y:-585.2866323860284
telepointerGO.js:406 john@gmail.com =>MODULE_MOVED=>key:module_id_5*x:-206.28164860209301*y:-242.95394168690962
telepointerGO.js:2338 john@gmail.com =>MODULE_CONFIG_CHANGE=>moduleID:module_id_6
telepointerGO.js:383 john@gmail.com =>DATALINK_ADDED=>from:module_id_3*frompid:output_file.txt*to:module_id_6*topid:input_files_1_forward.txt
telepointerGO.js:2338 john@gmail.com =>MODULE_CONFIG_CHANGE=>moduleID:module_id_6
telepointerGO.js:383 john@gmail.com =>DATALINK_ADDED=>from:module_id_5*frompid:output_file.txt*to:module_id_6*topid:reference_file.txt
telepointerGO.js:3570 john@gmail.com =>P2P_CHAT_SENT=>to:darin_gmail_com*text:did I correctly connected until this point??
telepointerGO.js:1324 john@gmail.com =>FLOOR_RELEASED
telepointerGO.js:318 john@gmail.com =>MODULE_CONFIG_CLOSED
telepointerGO.js:3570 john@gmail.com =>P2P_CHAT_SENT=>to:darin_gmail_com*text:I released
telepointerGO.js:3570 john@gmail.com =>P2P_CHAT_SENT=>to:darin_gmail_com*text:checking
telepointerGO.js:1313 john@gmail.com =>FLOOR_REQUESTED
telepointerGO.js:895 john@gmail.com =>GOT_THE_FLOOR
telepointerGO.js:318 john@gmail.com =>MODULE_CONFIG_CLOSED
telepointerGO.js:318 john@gmail.com =>MODULE_CONFIG_CLOSED
telepointerGO.js:3089 john@gmail.com =>MODULE_ADDED=>module_id:8
telepointerGO.js:2338 john@gmail.com =>MODULE_CONFIG_CHANGE=>moduleID:module_id_8
telepointerGO.js:2338 john@gmail.com =>MODULE_CONFIG_CHANGE=>moduleID:module_id_8
telepointerGO.js:406 john@gmail.com =>MODULE_MOVED=>key:module_id_8*x:-543.2083413188451*y:223.08978220402093
telepointerGO.js:3089 john@gmail.com =>MODULE_ADDED=>module_id:9
telepointerGO.js:2338 john@gmail.com =>MODULE_CONFIG_CHANGE=>moduleID:module_id_9
telepointerGO.js:2338 john@gmail.com =>MODULE_CONFIG_CHANGE=>moduleID:module_id_9
telepointerGO.js:2338 john@gmail.com =>MODULE_CONFIG_CHANGE=>moduleID:module_id_9
telepointerGO.js:406 john@gmail.com =>MODULE_MOVED=>key:module_id_9*x:-107.72486093664872*y:239.13391042862827
telepointerGO.js:406 john@gmail.com =>MODULE_MOVED=>key:module_id_8*x:-708.2336602005196*y:170.3733608945971
telepointerGO.js:406 john@gmail.com =>MODULE_MOVED=>key:module_id_9*x:-288.79430804293054*y:152.03721435218893
telepointerGO.js:2338 john@gmail.com =>MODULE_CONFIG_CHANGE=>moduleID:module_id_9
telepointerGO.js:383 john@gmail.com =>DATALINK_ADDED=>from:module_id_8*frompid:output.txt*to:module_id_9*topid:file_to_groom.txt
telepointerGO.js:3089 john@gmail.com =>MODULE_ADDED=>module_id:10
telepointerGO.js:2338 john@gmail.com =>MODULE_CONFIG_CHANGE=>moduleID:module_id_10
telepointerGO.js:2338 john@gmail.com =>MODULE_CONFIG_CHANGE=>moduleID:module_id_10
telepointerGO.js:2338 john@gmail.com =>MODULE_CONFIG_CHANGE=>moduleID:module_id_10
telepointerGO.js:406 john@gmail.com =>MODULE_MOVED=>key:module_id_10*x:91.68073271204162*y:335.3986797762718
telepointerGO.js:2338 john@gmail.com =>MODULE_CONFIG_CHANGE=>moduleID:module_id_10
telepointerGO.js:383 john@gmail.com =>DATALINK_ADDED=>from:module_id_9*frompid:output_file.txt*to:module_id_10*topid:fastq_file.txt
telepointerGO.js:3089 john@gmail.com =>MODULE_ADDED=>module_id:11
telepointerGO.js:2338 john@gmail.com =>MODULE_CONFIG_CHANGE=>moduleID:module_id_11
telepointerGO.js:2338 john@gmail.com =>MODULE_CONFIG_CHANGE=>moduleID:module_id_11
telepointerGO.js:2338 john@gmail.com =>MODULE_CONFIG_CHANGE=>moduleID:module_id_11
telepointerGO.js:2338 john@gmail.com =>MODULE_CONFIG_CHANGE=>moduleID:module_id_11
telepointerGO.js:336 john@gmail.com =>MODULE_DELETED=>module_id:module_id_11
telepointerGO.js:406 john@gmail.com =>MODULE_MOVED=>key:module_id_10*x:93.97275102984258*y:152.03721435218915
telepointerGO.js:3089 john@gmail.com =>MODULE_ADDED=>module_id:12
telepointerGO.js:2338 john@gmail.com =>MODULE_CONFIG_CHANGE=>moduleID:module_id_12
telepointerGO.js:2338 john@gmail.com =>MODULE_CONFIG_CHANGE=>moduleID:module_id_12
telepointerGO.js:2338 john@gmail.com =>MODULE_CONFIG_CHANGE=>moduleID:module_id_12
telepointerGO.js:406 john@gmail.com =>MODULE_MOVED=>key:module_id_12*x:309.4224729031396*y:344.5667530474759
telepointerGO.js:2338 john@gmail.com =>MODULE_CONFIG_CHANGE=>moduleID:module_id_12
telepointerGO.js:383 john@gmail.com =>DATALINK_ADDED=>from:module_id_10*frompid:output_file.txt*to:module_id_12*topid:fastq_file.txt
telepointerGO.js:406 john@gmail.com =>MODULE_MOVED=>key:module_id_10*x:-38.964311402617454*y:305.60244164485835
telepointerGO.js:406 john@gmail.com =>MODULE_MOVED=>key:module_id_8*x:-832.0026493617754*y:69.52455491135163
telepointerGO.js:406 john@gmail.com =>MODULE_MOVED=>key:module_id_9*x:-414.85531552198734*y:177.24941584800035
telepointerGO.js:406 john@gmail.com =>MODULE_MOVED=>key:module_id_12*x:281.91825308952707*y:415.6193208993079
telepointerGO.js:406 john@gmail.com =>MODULE_MOVED=>key:module_id_10*x:-130.64504411465873*y:330.81464314066966
telepointerGO.js:406 john@gmail.com =>MODULE_MOVED=>key:module_id_9*x:-508.8280665518297*y:200.1695990260107
telepointerGO.js:1324 john@gmail.com =>FLOOR_RELEASED
telepointerGO.js:3570 john@gmail.com =>P2P_CHAT_SENT=>to:darin_gmail_com*text:released
telepointerGO.js:318 john@gmail.com =>MODULE_CONFIG_CLOSED
telepointerGO.js:1313 john@gmail.com =>FLOOR_REQUESTED
telepointerGO.js:895 john@gmail.com =>GOT_THE_FLOOR
telepointerGO.js:318 john@gmail.com =>MODULE_CONFIG_CLOSED
landing.css:1 Failed to load resource: the server responded with a status of 404 (NOT FOUND)
