telepointerGO.js:3658 john@gmail.com =>CHATBOX_OPENED=>chatWith:darin_gmail_com
telepointerGO.js:3570 john@gmail.com =>P2P_CHAT_SENT=>to:darin_gmail_com*text:okay
telepointerGO.js:3570 john@gmail.com =>P2P_CHAT_SENT=>to:darin_gmail_com*text:i will set values
telepointerGO.js:3570 john@gmail.com =>P2P_CHAT_SENT=>to:darin_gmail_com*text:we have only  8 min
telepointerGO.js:3570 john@gmail.com =>P2P_CHAT_SENT=>to:darin_gmail_com*text:now 7
telepointerGO.js:3570 john@gmail.com =>P2P_CHAT_SENT=>to:darin_gmail_com*text:now 6:30
telepointerGO.js:1313 john@gmail.com =>FLOOR_REQUESTED
telepointerGO.js:895 john@gmail.com =>GOT_THE_FLOOR
telepointerGO.js:318 john@gmail.com =>MODULE_CONFIG_CLOSED
telepointerGO.js:3089 john@gmail.com =>MODULE_ADDED=>module_id:7
telepointerGO.js:2338 john@gmail.com =>MODULE_CONFIG_CHANGE=>moduleID:module_id_7
telepointerGO.js:2338 john@gmail.com =>MODULE_CONFIG_CHANGE=>moduleID:module_id_7
telepointerGO.js:2338 john@gmail.com =>MODULE_CONFIG_CHANGE=>moduleID:module_id_7
telepointerGO.js:2338 john@gmail.com =>MODULE_CONFIG_CHANGE=>moduleID:module_id_7
telepointerGO.js:406 john@gmail.com =>MODULE_MOVED=>key:module_id_7*x:607*y:-194
telepointerGO.js:406 john@gmail.com =>MODULE_MOVED=>key:module_id_7*x:508*y:-110
telepointerGO.js:406 john@gmail.com =>MODULE_MOVED=>key:module_id_7*x:522*y:-99
telepointerGO.js:2338 john@gmail.com =>MODULE_CONFIG_CHANGE=>moduleID:module_id_3
telepointerGO.js:383 john@gmail.com =>DATALINK_ADDED=>from:module_id_1*frompid:obtained_user_input.txt*to:module_id_3*topid:base_number.txt
telepointerGO.js:2338 john@gmail.com =>MODULE_CONFIG_CHANGE=>moduleID:module_id_4
telepointerGO.js:383 john@gmail.com =>DATALINK_ADDED=>from:module_id_2*frompid:obtained_user_input.txt*to:module_id_4*topid:base_number.txt
telepointerGO.js:2338 john@gmail.com =>MODULE_CONFIG_CHANGE=>moduleID:module_id_5
telepointerGO.js:383 john@gmail.com =>DATALINK_ADDED=>from:module_id_3*frompid:result.txt*to:module_id_5*topid:input_number.txt
telepointerGO.js:2338 john@gmail.com =>MODULE_CONFIG_CHANGE=>moduleID:module_id_6
telepointerGO.js:383 john@gmail.com =>DATALINK_ADDED=>from:module_id_4*frompid:result.txt*to:module_id_6*topid:input_number.txt
telepointerGO.js:336 john@gmail.com =>MODULE_DELETED=>module_id:module_id_7
telepointerGO.js:3089 john@gmail.com =>MODULE_ADDED=>module_id:8
telepointerGO.js:2338 john@gmail.com =>MODULE_CONFIG_CHANGE=>moduleID:module_id_8
telepointerGO.js:2338 john@gmail.com =>MODULE_CONFIG_CHANGE=>moduleID:module_id_8
telepointerGO.js:2338 john@gmail.com =>MODULE_CONFIG_CHANGE=>moduleID:module_id_8
telepointerGO.js:2338 john@gmail.com =>MODULE_CONFIG_CHANGE=>moduleID:module_id_8
telepointerGO.js:406 john@gmail.com =>MODULE_MOVED=>key:module_id_8*x:373*y:-87
telepointerGO.js:406 john@gmail.com =>MODULE_MOVED=>key:module_id_8*x:520*y:-100
telepointerGO.js:2338 john@gmail.com =>MODULE_CONFIG_CHANGE=>moduleID:module_id_8
telepointerGO.js:383 john@gmail.com =>DATALINK_ADDED=>from:module_id_5*frompid:multiplication_result.txt*to:module_id_8*topid:first_number.txt
telepointerGO.js:2338 john@gmail.com =>MODULE_CONFIG_CHANGE=>moduleID:module_id_8
telepointerGO.js:383 john@gmail.com =>DATALINK_ADDED=>from:module_id_6*frompid:multiplication_result.txt*to:module_id_8*topid:second_number.txt
telepointerGO.js:288 john@gmail.com =>MODULE_CONFIG_OPENED=>moduleID:module_id_1
telepointerGO.js:318 john@gmail.com =>MODULE_CONFIG_CLOSED
telepointerGO.js:3570 john@gmail.com =>P2P_CHAT_SENT=>to:darin_gmail_com*text:yes
telepointerGO.js:3570 john@gmail.com =>P2P_CHAT_SENT=>to:darin_gmail_com*text:got it
telepointerGO.js:288 john@gmail.com =>MODULE_CONFIG_OPENED=>moduleID:module_id_1
telepointerGO.js:2338 john@gmail.com =>MODULE_CONFIG_CHANGE=>moduleID:module_id_1
telepointerGO.js:318 john@gmail.com =>MODULE_CONFIG_CLOSED
telepointerGO.js:288 john@gmail.com =>MODULE_CONFIG_OPENED=>moduleID:module_id_2
telepointerGO.js:2338 john@gmail.com =>MODULE_CONFIG_CHANGE=>moduleID:module_id_2
telepointerGO.js:318 john@gmail.com =>MODULE_CONFIG_CLOSED
telepointerGO.js:288 john@gmail.com =>MODULE_CONFIG_OPENED=>moduleID:module_id_3
telepointerGO.js:2338 john@gmail.com =>MODULE_CONFIG_CHANGE=>moduleID:module_id_3
telepointerGO.js:318 john@gmail.com =>MODULE_CONFIG_CLOSED
telepointerGO.js:288 john@gmail.com =>MODULE_CONFIG_OPENED=>moduleID:module_id_4
telepointerGO.js:2338 john@gmail.com =>MODULE_CONFIG_CHANGE=>moduleID:module_id_4
telepointerGO.js:318 john@gmail.com =>MODULE_CONFIG_CLOSED
telepointerGO.js:288 john@gmail.com =>MODULE_CONFIG_OPENED=>moduleID:module_id_5
telepointerGO.js:2338 john@gmail.com =>MODULE_CONFIG_CHANGE=>moduleID:module_id_5
telepointerGO.js:318 john@gmail.com =>MODULE_CONFIG_CLOSED
telepointerGO.js:288 john@gmail.com =>MODULE_CONFIG_OPENED=>moduleID:module_id_6
telepointerGO.js:2338 john@gmail.com =>MODULE_CONFIG_CHANGE=>moduleID:module_id_6
telepointerGO.js:318 john@gmail.com =>MODULE_CONFIG_CLOSED
telepointerGO.js:288 john@gmail.com =>MODULE_CONFIG_OPENED=>moduleID:module_id_8
telepointerGO.js:318 john@gmail.com =>MODULE_CONFIG_CLOSED
telepointerGO.js:336 john@gmail.com =>MODULE_DELETED=>module_id:module_id_8
telepointerGO.js:3089 john@gmail.com =>MODULE_ADDED=>module_id:9
telepointerGO.js:2338 john@gmail.com =>MODULE_CONFIG_CHANGE=>moduleID:module_id_9
telepointerGO.js:2338 john@gmail.com =>MODULE_CONFIG_CHANGE=>moduleID:module_id_9
telepointerGO.js:2338 john@gmail.com =>MODULE_CONFIG_CHANGE=>moduleID:module_id_9
telepointerGO.js:2338 john@gmail.com =>MODULE_CONFIG_CHANGE=>moduleID:module_id_9
telepointerGO.js:406 john@gmail.com =>MODULE_MOVED=>key:module_id_9*x:538.9194618773438*y:-111.16093338984376
telepointerGO.js:2338 john@gmail.com =>MODULE_CONFIG_CHANGE=>moduleID:module_id_9
telepointerGO.js:383 john@gmail.com =>DATALINK_ADDED=>from:module_id_6*frompid:multiplication_result.txt*to:module_id_9*topid:second_number.txt
telepointerGO.js:2338 john@gmail.com =>MODULE_CONFIG_CHANGE=>moduleID:module_id_9
telepointerGO.js:383 john@gmail.com =>DATALINK_ADDED=>from:module_id_5*frompid:multiplication_result.txt*to:module_id_9*topid:first_number.txt
telepointerGO.js:288 john@gmail.com =>MODULE_CONFIG_OPENED=>moduleID:module_id_5
telepointerGO.js:318 john@gmail.com =>MODULE_CONFIG_CLOSED
telepointerGO.js:288 john@gmail.com =>MODULE_CONFIG_OPENED=>moduleID:module_id_9
telepointerGO.js:318 john@gmail.com =>MODULE_CONFIG_CLOSED
telepointerGO.js:3780 john@gmail.com =>OUTPUT_VIS=>fileName:module_id_9_summation_result.txt
telepointerGO.js:318 john@gmail.com =>MODULE_CONFIG_CLOSED
telepointerGO.js:288 john@gmail.com =>MODULE_CONFIG_OPENED=>moduleID:module_id_1
telepointerGO.js:2338 john@gmail.com =>MODULE_CONFIG_CHANGE=>moduleID:module_id_1
telepointerGO.js:318 john@gmail.com =>MODULE_CONFIG_CLOSED
telepointerGO.js:288 john@gmail.com =>MODULE_CONFIG_OPENED=>moduleID:module_id_2
telepointerGO.js:2338 john@gmail.com =>MODULE_CONFIG_CHANGE=>moduleID:module_id_2
telepointerGO.js:318 john@gmail.com =>MODULE_CONFIG_CLOSED
telepointerGO.js:3780 john@gmail.com =>OUTPUT_VIS=>fileName:module_id_9_summation_result.txt
telepointerGO.js:318 john@gmail.com =>MODULE_CONFIG_CLOSED
telepointerGO.js:288 john@gmail.com =>MODULE_CONFIG_OPENED=>moduleID:module_id_3
telepointerGO.js:318 john@gmail.com =>MODULE_CONFIG_CLOSED
telepointerGO.js:288 john@gmail.com =>MODULE_CONFIG_OPENED=>moduleID:module_id_3
telepointerGO.js:2338 john@gmail.com =>MODULE_CONFIG_CHANGE=>moduleID:module_id_3
telepointerGO.js:318 john@gmail.com =>MODULE_CONFIG_CLOSED
telepointerGO.js:288 john@gmail.com =>MODULE_CONFIG_OPENED=>moduleID:module_id_4
telepointerGO.js:2338 john@gmail.com =>MODULE_CONFIG_CHANGE=>moduleID:module_id_4
telepointerGO.js:318 john@gmail.com =>MODULE_CONFIG_CLOSED
telepointerGO.js:3780 john@gmail.com =>OUTPUT_VIS=>fileName:module_id_9_summation_result.txt
telepointerGO.js:318 john@gmail.com =>MODULE_CONFIG_CLOSED
telepointerGO.js:3570 john@gmail.com =>P2P_CHAT_SENT=>to:darin_gmail_com*text:done




STATS
=================================
P2P_CHAT_SENT: 8
FLOOR_REQUESTED: 1
MODULE_ADDED: 3
DATALINK_ADDED: 8
MODULE_DELETED: 3
DATALINK_DELETED: 0
MODULE_CONFIG_CHANGE: 30
totalEdits: 44
MODULE_MOVED: 6