telepointerGO.js:1313 john@gmail.com =>FLOOR_REQUESTED
telepointerGO.js:895 john@gmail.com =>GOT_THE_FLOOR
telepointerGO.js:318 john@gmail.com =>MODULE_CONFIG_CLOSED
telepointerGO.js:3658 john@gmail.com =>CHATBOX_OPENED=>chatWith:darin_gmail_com
telepointerGO.js:3570 john@gmail.com =>P2P_CHAT_SENT=>to:darin_gmail_com*text:i have the floor
telepointerGO.js:3570 john@gmail.com =>P2P_CHAT_SENT=>to:darin_gmail_com*text:okay
telepointerGO.js:3089 john@gmail.com =>MODULE_ADDED=>module_id:1
telepointerGO.js:2338 john@gmail.com =>MODULE_CONFIG_CHANGE=>moduleID:module_id_1
telepointerGO.js:2338 john@gmail.com =>MODULE_CONFIG_CHANGE=>moduleID:module_id_1
telepointerGO.js:406 john@gmail.com =>MODULE_MOVED=>key:module_id_1*x:-468*y:-112
telepointerGO.js:288 john@gmail.com =>MODULE_CONFIG_OPENED=>moduleID:module_id_1
telepointerGO.js:2338 john@gmail.com =>MODULE_CONFIG_CHANGE=>moduleID:module_id_1
telepointerGO.js:318 john@gmail.com =>MODULE_CONFIG_CLOSED
telepointerGO.js:3089 john@gmail.com =>MODULE_ADDED=>module_id:2
telepointerGO.js:2338 john@gmail.com =>MODULE_CONFIG_CHANGE=>moduleID:module_id_2
telepointerGO.js:2338 john@gmail.com =>MODULE_CONFIG_CHANGE=>moduleID:module_id_2
telepointerGO.js:2338 john@gmail.com =>MODULE_CONFIG_CHANGE=>moduleID:module_id_2
telepointerGO.js:406 john@gmail.com =>MODULE_MOVED=>key:module_id_2*x:-45*y:-99
telepointerGO.js:2338 john@gmail.com =>MODULE_CONFIG_CHANGE=>moduleID:module_id_2
telepointerGO.js:383 john@gmail.com =>DATALINK_ADDED=>from:module_id_1*frompid:loaded_dataset.csv*to:module_id_2*topid:csv_dataset_path.csv
telepointerGO.js:336 john@gmail.com =>MODULE_DELETED=>module_id:module_id_2
telepointerGO.js:3089 john@gmail.com =>MODULE_ADDED=>module_id:3
telepointerGO.js:2338 john@gmail.com =>MODULE_CONFIG_CHANGE=>moduleID:module_id_3
telepointerGO.js:2338 john@gmail.com =>MODULE_CONFIG_CHANGE=>moduleID:module_id_3
telepointerGO.js:2338 john@gmail.com =>MODULE_CONFIG_CHANGE=>moduleID:module_id_3
telepointerGO.js:406 john@gmail.com =>MODULE_MOVED=>key:module_id_3*x:-6*y:-102
telepointerGO.js:288 john@gmail.com =>MODULE_CONFIG_OPENED=>moduleID:module_id_1
telepointerGO.js:318 john@gmail.com =>MODULE_CONFIG_CLOSED
telepointerGO.js:336 john@gmail.com =>MODULE_DELETED=>module_id:module_id_3
telepointerGO.js:3089 john@gmail.com =>MODULE_ADDED=>module_id:4
telepointerGO.js:2338 john@gmail.com =>MODULE_CONFIG_CHANGE=>moduleID:module_id_4
telepointerGO.js:2338 john@gmail.com =>MODULE_CONFIG_CHANGE=>moduleID:module_id_4
telepointerGO.js:2338 john@gmail.com =>MODULE_CONFIG_CHANGE=>moduleID:module_id_4
telepointerGO.js:406 john@gmail.com =>MODULE_MOVED=>key:module_id_4*x:-30*y:-81
telepointerGO.js:2338 john@gmail.com =>MODULE_CONFIG_CHANGE=>moduleID:module_id_4
telepointerGO.js:383 john@gmail.com =>DATALINK_ADDED=>from:module_id_1*frompid:loaded_dataset.csv*to:module_id_4*topid:csv_dataset_path.csv
telepointerGO.js:288 john@gmail.com =>MODULE_CONFIG_OPENED=>moduleID:module_id_1
telepointerGO.js:2338 john@gmail.com =>MODULE_CONFIG_CHANGE=>moduleID:module_id_1
telepointerGO.js:318 john@gmail.com =>MODULE_CONFIG_CLOSED
telepointerGO.js:288 john@gmail.com =>MODULE_CONFIG_OPENED=>moduleID:module_id_4
telepointerGO.js:318 john@gmail.com =>MODULE_CONFIG_CLOSED
telepointerGO.js:406 john@gmail.com =>MODULE_MOVED=>key:module_id_4*x:-118*y:-215
telepointerGO.js:3089 john@gmail.com =>MODULE_ADDED=>module_id:5
telepointerGO.js:2338 john@gmail.com =>MODULE_CONFIG_CHANGE=>moduleID:module_id_5
telepointerGO.js:2338 john@gmail.com =>MODULE_CONFIG_CHANGE=>moduleID:module_id_5
telepointerGO.js:2338 john@gmail.com =>MODULE_CONFIG_CHANGE=>moduleID:module_id_5
telepointerGO.js:2338 john@gmail.com =>MODULE_CONFIG_CHANGE=>moduleID:module_id_5
telepointerGO.js:383 john@gmail.com =>DATALINK_ADDED=>from:module_id_4*frompid:dataset_with_missing_values_filled.csv*to:module_id_5*topid:csv_dataset_path.csv
telepointerGO.js:288 john@gmail.com =>MODULE_CONFIG_OPENED=>moduleID:module_id_5
telepointerGO.js:318 john@gmail.com =>MODULE_CONFIG_CLOSED
telepointerGO.js:3671 john@gmail.com =>CHATBOX_CLOSED=>chatWith:undefined
telepointerGO.js:3780 john@gmail.com =>OUTPUT_VIS=>fileName:module_id_5_NaiveBayes_classification_stats.txt
telepointerGO.js:318 john@gmail.com =>MODULE_CONFIG_CLOSED
telepointerGO.js:288 john@gmail.com =>MODULE_CONFIG_OPENED=>moduleID:module_id_5
telepointerGO.js:3780 john@gmail.com =>OUTPUT_VIS=>fileName:titanic.csv
telepointerGO.js:2338 john@gmail.com =>MODULE_CONFIG_CHANGE=>moduleID:module_id_5
telepointerGO.js:2338 john@gmail.com =>MODULE_CONFIG_CHANGE=>moduleID:module_id_5
telepointerGO.js:318 john@gmail.com =>MODULE_CONFIG_CLOSED
telepointerGO.js:3671 john@gmail.com =>CHATBOX_CLOSED=>chatWith:undefined
telepointerGO.js:3780 john@gmail.com =>OUTPUT_VIS=>fileName:module_id_5_NaiveBayes_classification_stats.txt
telepointerGO.js:318 john@gmail.com =>MODULE_CONFIG_CLOSED
telepointerGO.js:3658 john@gmail.com =>CHATBOX_OPENED=>chatWith:darin_gmail_com
telepointerGO.js:3570 john@gmail.com =>P2P_CHAT_SENT=>to:darin_gmail_com*text:67.77
telepointerGO.js:3570 john@gmail.com =>P2P_CHAT_SENT=>to:darin_gmail_com*text:done
