telepointer_module_lockingGO.js:2801 darin@gmail.com =>MODULE_ADDED=>module_id:1
telepointer_module_lockingGO.js:1108 darin@gmail.com =>MODULE_MOVED=>key:module_id_1*x:-379*y:-132
telepointer_module_lockingGO.js:978 darin@gmail.com =>MODULE_CONFIG_OPENED=>moduleID:module_id_1
telepointer_module_lockingGO.js:1767 darin@gmail.com =>MODULE_CONFIG_CHANGE=>moduleID:module_id_1
telepointer_module_lockingGO.js:1007 darin@gmail.com =>MODULE_CONFIG_CLOSED
telepointer_module_lockingGO.js:1108 darin@gmail.com =>MODULE_MOVED=>key:module_id_1*x:-459*y:-161
telepointer_module_lockingGO.js:2801 darin@gmail.com =>MODULE_ADDED=>module_id:2
telepointer_module_lockingGO.js:1108 darin@gmail.com =>MODULE_MOVED=>key:module_id_2*x:-36*y:-142
telepointer_module_lockingGO.js:1767 darin@gmail.com =>MODULE_CONFIG_CHANGE=>moduleID:module_id_2
telepointer_module_lockingGO.js:1089 darin@gmail.com =>DATALINK_ADDED=>from:module_id_1*frompid:loaded_dataset.csv*to:module_id_2*topid:csv_dataset_path.csv
telepointer_module_lockingGO.js:978 darin@gmail.com =>MODULE_CONFIG_OPENED=>moduleID:module_id_2
telepointer_module_lockingGO.js:1007 darin@gmail.com =>MODULE_CONFIG_CLOSED
telepointer_module_lockingGO.js:1108 darin@gmail.com =>MODULE_MOVED=>key:module_id_1*x:-491*y:-186
telepointer_module_lockingGO.js:1108 darin@gmail.com =>MODULE_MOVED=>key:module_id_2*x:-123*y:-107
telepointer_module_lockingGO.js:978 darin@gmail.com =>MODULE_CONFIG_OPENED=>moduleID:module_id_2
telepointer_module_lockingGO.js:1721 darin@gmail.com =>MODULE_CONFIGS_TOGGLED
telepointer_module_lockingGO.js:1007 darin@gmail.com =>MODULE_CONFIG_CLOSED
telepointer_module_lockingGO.js:978 darin@gmail.com =>MODULE_CONFIG_OPENED=>moduleID:module_id_2
telepointer_module_lockingGO.js:1007 darin@gmail.com =>MODULE_CONFIG_CLOSED
telepointer_module_lockingGO.js:3336 darin@gmail.com =>OUTPUT_VIS=>fileName:module_id_2_missing_values.txt
telepointer_module_lockingGO.js:1007 darin@gmail.com =>MODULE_CONFIG_CLOSED
telepointer_module_lockingGO.js:2801 darin@gmail.com =>MODULE_ADDED=>module_id:3
telepointer_module_lockingGO.js:1108 darin@gmail.com =>MODULE_MOVED=>key:module_id_3*x:218*y:-197
telepointer_module_lockingGO.js:978 darin@gmail.com =>MODULE_CONFIG_OPENED=>moduleID:module_id_2
telepointer_module_lockingGO.js:1007 darin@gmail.com =>MODULE_CONFIG_CLOSED
telepointer_module_lockingGO.js:978 darin@gmail.com =>MODULE_CONFIG_OPENED=>moduleID:module_id_2
telepointer_module_lockingGO.js:1007 darin@gmail.com =>MODULE_CONFIG_CLOSED
telepointer_module_lockingGO.js:978 darin@gmail.com =>MODULE_CONFIG_OPENED=>moduleID:module_id_3
telepointer_module_lockingGO.js:1007 darin@gmail.com =>MODULE_CONFIG_CLOSED
telepointer_module_lockingGO.js:978 darin@gmail.com =>MODULE_CONFIG_OPENED=>moduleID:module_id_3
telepointer_module_lockingGO.js:1721 darin@gmail.com =>MODULE_CONFIGS_TOGGLED
telepointer_module_lockingGO.js:1007 darin@gmail.com =>MODULE_CONFIG_CLOSED
telepointer_module_lockingGO.js:1767 darin@gmail.com =>MODULE_CONFIG_CHANGE=>moduleID:module_id_3
telepointer_module_lockingGO.js:1089 darin@gmail.com =>DATALINK_ADDED=>from:module_id_1*frompid:loaded_dataset.csv*to:module_id_3*topid:csv_dataset_path.csv
telepointer_module_lockingGO.js:1108 darin@gmail.com =>MODULE_MOVED=>key:module_id_2*x:-148*y:54
telepointer_module_lockingGO.js:1108 darin@gmail.com =>MODULE_MOVED=>key:module_id_3*x:181*y:-152
telepointer_module_lockingGO.js:1108 darin@gmail.com =>MODULE_MOVED=>key:module_id_2*x:-206*y:86
telepointer_module_lockingGO.js:1108 darin@gmail.com =>MODULE_MOVED=>key:module_id_1*x:-523*y:-185
telepointer_module_lockingGO.js:1108 darin@gmail.com =>MODULE_MOVED=>key:module_id_1*x:-660.4033562723829*y:-285.4669701776563
telepointer_module_lockingGO.js:1108 darin@gmail.com =>MODULE_MOVED=>key:module_id_2*x:-285.7825939646094*y:-30.71898005933599
telepointer_module_lockingGO.js:1108 darin@gmail.com =>MODULE_MOVED=>key:module_id_3*x:-217.9129698230471*y:-273.1513463907032
telepointer_module_lockingGO.js:2801 darin@gmail.com =>MODULE_ADDED=>module_id:4
telepointer_module_lockingGO.js:1108 darin@gmail.com =>MODULE_MOVED=>key:module_id_4*x:260.03215810687504*y:-261.5096135506642
telepointer_module_lockingGO.js:1767 darin@gmail.com =>MODULE_CONFIG_CHANGE=>moduleID:module_id_4
telepointer_module_lockingGO.js:1089 darin@gmail.com =>DATALINK_ADDED=>from:module_id_3*frompid:dataset_with_missing_values_filled.csv*to:module_id_4*topid:csv_dataset_path.csv
telepointer_module_lockingGO.js:1108 darin@gmail.com =>MODULE_MOVED=>key:module_id_4*x:186.1593859174218*y:-279.23907887613296
telepointer_module_lockingGO.js:978 darin@gmail.com =>MODULE_CONFIG_OPENED=>moduleID:module_id_4
telepointer_module_lockingGO.js:1007 darin@gmail.com =>MODULE_CONFIG_CLOSED
telepointer_module_lockingGO.js:978 darin@gmail.com =>MODULE_CONFIG_OPENED=>moduleID:module_id_4
telepointer_module_lockingGO.js:1007 darin@gmail.com =>MODULE_CONFIG_CLOSED
telepointer_module_lockingGO.js:3336 darin@gmail.com =>OUTPUT_VIS=>fileName:module_id_4_result.txt
telepointer_module_lockingGO.js:1007 darin@gmail.com =>MODULE_CONFIG_CLOSED
telepointer_module_lockingGO.js:1108 darin@gmail.com =>MODULE_MOVED=>key:module_id_4*x:202.41139579910168*y:-270.37434621339855
telepointer_module_lockingGO.js:1108 darin@gmail.com =>MODULE_MOVED=>key:module_id_4*x:205.36630668667976*y:-273.3292571009767
telepointer_module_lockingGO.js:3336 darin@gmail.com =>OUTPUT_VIS=>fileName:module_id_4_feature_distribution.html
telepointer_module_lockingGO.js:1007 darin@gmail.com =>MODULE_CONFIG_CLOSED
telepointer_module_lockingGO.js:3336 darin@gmail.com =>OUTPUT_VIS=>fileName:module_id_4_feature_distribution.html
telepointer_module_lockingGO.js:1007 darin@gmail.com =>MODULE_CONFIG_CLOSED
telepointer_module_lockingGO.js:978 darin@gmail.com =>MODULE_CONFIG_OPENED=>moduleID:module_id_4
telepointer_module_lockingGO.js:1767 darin@gmail.com =>MODULE_CONFIG_CHANGE=>moduleID:module_id_4
telepointer_module_lockingGO.js:1007 darin@gmail.com =>MODULE_CONFIG_CLOSED
telepointer_module_lockingGO.js:3336 darin@gmail.com =>OUTPUT_VIS=>fileName:module_id_4_feature_distribution.html
telepointer_module_lockingGO.js:1007 darin@gmail.com =>MODULE_CONFIG_CLOSED
telepointer_module_lockingGO.js:978 darin@gmail.com =>MODULE_CONFIG_OPENED=>moduleID:module_id_4
telepointer_module_lockingGO.js:1007 darin@gmail.com =>MODULE_CONFIG_CLOSED
telepointer_module_lockingGO.js:978 darin@gmail.com =>MODULE_CONFIG_OPENED=>moduleID:module_id_1
telepointer_module_lockingGO.js:1007 darin@gmail.com =>MODULE_CONFIG_CLOSED
telepointer_module_lockingGO.js:978 darin@gmail.com =>MODULE_CONFIG_OPENED=>moduleID:module_id_2
telepointer_module_lockingGO.js:1007 darin@gmail.com =>MODULE_CONFIG_CLOSED
telepointer_module_lockingGO.js:3336 darin@gmail.com =>OUTPUT_VIS=>fileName:module_id_2_missing_values.txt
telepointer_module_lockingGO.js:1007 darin@gmail.com =>MODULE_CONFIG_CLOSED
telepointer_module_lockingGO.js:1108 darin@gmail.com =>MODULE_MOVED=>key:module_id_2*x:-296.1247820711329*y:224.880811716172
telepointer_module_lockingGO.js:1108 darin@gmail.com =>MODULE_MOVED=>key:module_id_4*x:165.475009704375*y:-413.6875242609377
telepointer_module_lockingGO.js:1108 darin@gmail.com =>MODULE_MOVED=>key:module_id_3*x:-207.5707817165237*y:-200.75602964503915
telepointer_module_lockingGO.js:2801 darin@gmail.com =>MODULE_ADDED=>module_id:5
telepointer_module_lockingGO.js:1108 darin@gmail.com =>MODULE_MOVED=>key:module_id_5*x:252.64488088792973*y:-45.80111875746093
telepointer_module_lockingGO.js:1767 darin@gmail.com =>MODULE_CONFIG_CHANGE=>moduleID:module_id_5
telepointer_module_lockingGO.js:1089 darin@gmail.com =>DATALINK_ADDED=>from:module_id_3*frompid:dataset_with_missing_values_filled.csv*to:module_id_5*topid:csv_dataset_path.csv
telepointer_module_lockingGO.js:978 darin@gmail.com =>MODULE_CONFIG_OPENED=>moduleID:module_id_5
telepointer_module_lockingGO.js:1767 darin@gmail.com =>MODULE_CONFIG_CHANGE=>moduleID:module_id_5
telepointer_module_lockingGO.js:1007 darin@gmail.com =>MODULE_CONFIG_CLOSED
telepointer_module_lockingGO.js:3336 darin@gmail.com =>OUTPUT_VIS=>fileName:module_id_3_dataset_with_missing_values_filled.csv
telepointer_module_lockingGO.js:1007 darin@gmail.com =>MODULE_CONFIG_CLOSED
telepointer_module_lockingGO.js:978 darin@gmail.com =>MODULE_CONFIG_OPENED=>moduleID:module_id_5
telepointer_module_lockingGO.js:1767 darin@gmail.com =>MODULE_CONFIG_CHANGE=>moduleID:module_id_5
telepointer_module_lockingGO.js:1007 darin@gmail.com =>MODULE_CONFIG_CLOSED
telepointer_module_lockingGO.js:3336 darin@gmail.com =>OUTPUT_VIS=>fileName:module_id_5_logisticRegression_classification_stats.txt
telepointer_module_lockingGO.js:1007 darin@gmail.com =>MODULE_CONFIG_CLOSED
