telepointerGO.js:3658 darin@gmail.com =>CHATBOX_OPENED=>chatWith:john_gmail_com
telepointerGO.js:3570 darin@gmail.com =>P2P_CHAT_SENT=>to:john_gmail_com*text:hi Nat
telepointerGO.js:3671 darin@gmail.com =>CHATBOX_CLOSED=>chatWith:undefined
telepointerGO.js:1313 darin@gmail.com =>FLOOR_REQUESTED
telepointerGO.js:895 darin@gmail.com =>GOT_THE_FLOOR
telepointerGO.js:318 darin@gmail.com =>MODULE_CONFIG_CLOSED
telepointerGO.js:3089 darin@gmail.com =>MODULE_ADDED=>module_id:1
telepointerGO.js:2338 darin@gmail.com =>MODULE_CONFIG_CHANGE=>moduleID:module_id_1
telepointerGO.js:2338 darin@gmail.com =>MODULE_CONFIG_CHANGE=>moduleID:module_id_1
telepointerGO.js:2338 darin@gmail.com =>MODULE_CONFIG_CHANGE=>moduleID:module_id_1
telepointerGO.js:2338 darin@gmail.com =>MODULE_CONFIG_CHANGE=>moduleID:module_id_1
telepointerGO.js:2338 darin@gmail.com =>MODULE_CONFIG_CHANGE=>moduleID:module_id_1
telepointerGO.js:2338 darin@gmail.com =>MODULE_CONFIG_CHANGE=>moduleID:module_id_1
telepointerGO.js:2338 darin@gmail.com =>MODULE_CONFIG_CHANGE=>moduleID:module_id_1
telepointerGO.js:2338 darin@gmail.com =>MODULE_CONFIG_CHANGE=>moduleID:module_id_1
telepointerGO.js:406 darin@gmail.com =>MODULE_MOVED=>key:module_id_1*x:-427*y:-344
telepointerGO.js:2338 darin@gmail.com =>MODULE_CONFIG_CHANGE=>moduleID:module_id_1
telepointerGO.js:2338 darin@gmail.com =>MODULE_CONFIG_CHANGE=>moduleID:module_id_1
telepointerGO.js:2338 darin@gmail.com =>MODULE_CONFIG_CHANGE=>moduleID:module_id_1
telepointerGO.js:2338 darin@gmail.com =>MODULE_CONFIG_CHANGE=>moduleID:module_id_1
telepointerGO.js:2338 darin@gmail.com =>MODULE_CONFIG_CHANGE=>moduleID:module_id_1
telepointerGO.js:2338 darin@gmail.com =>MODULE_CONFIG_CHANGE=>moduleID:module_id_1
telepointerGO.js:2338 darin@gmail.com =>MODULE_CONFIG_CHANGE=>moduleID:module_id_1
telepointerGO.js:2338 darin@gmail.com =>MODULE_CONFIG_CHANGE=>moduleID:module_id_1
telepointerGO.js:2338 darin@gmail.com =>MODULE_CONFIG_CHANGE=>moduleID:module_id_1
telepointerGO.js:2338 darin@gmail.com =>MODULE_CONFIG_CHANGE=>moduleID:module_id_1
telepointerGO.js:2338 darin@gmail.com =>MODULE_CONFIG_CHANGE=>moduleID:module_id_1
telepointerGO.js:2338 darin@gmail.com =>MODULE_CONFIG_CHANGE=>moduleID:module_id_1
telepointerGO.js:2338 darin@gmail.com =>MODULE_CONFIG_CHANGE=>moduleID:module_id_1
telepointerGO.js:2338 darin@gmail.com =>MODULE_CONFIG_CHANGE=>moduleID:module_id_1
telepointerGO.js:2338 darin@gmail.com =>MODULE_CONFIG_CHANGE=>moduleID:module_id_1
telepointerGO.js:2338 darin@gmail.com =>MODULE_CONFIG_CHANGE=>moduleID:module_id_1
telepointerGO.js:2338 darin@gmail.com =>MODULE_CONFIG_CHANGE=>moduleID:module_id_1
telepointerGO.js:2338 darin@gmail.com =>MODULE_CONFIG_CHANGE=>moduleID:module_id_1
telepointerGO.js:2338 darin@gmail.com =>MODULE_CONFIG_CHANGE=>moduleID:module_id_1
telepointerGO.js:2338 darin@gmail.com =>MODULE_CONFIG_CHANGE=>moduleID:module_id_1
telepointerGO.js:2338 darin@gmail.com =>MODULE_CONFIG_CHANGE=>moduleID:module_id_1
telepointerGO.js:2338 darin@gmail.com =>MODULE_CONFIG_CHANGE=>moduleID:module_id_1
telepointerGO.js:2338 darin@gmail.com =>MODULE_CONFIG_CHANGE=>moduleID:module_id_1
telepointerGO.js:2338 darin@gmail.com =>MODULE_CONFIG_CHANGE=>moduleID:module_id_1
telepointerGO.js:3658 darin@gmail.com =>CHATBOX_OPENED=>chatWith:john_gmail_com
telepointerGO.js:2338 darin@gmail.com =>MODULE_CONFIG_CHANGE=>moduleID:module_id_1
telepointerGO.js:2338 darin@gmail.com =>MODULE_CONFIG_CHANGE=>moduleID:module_id_1
telepointerGO.js:2338 darin@gmail.com =>MODULE_CONFIG_CHANGE=>moduleID:module_id_1
telepointerGO.js:2338 darin@gmail.com =>MODULE_CONFIG_CHANGE=>moduleID:module_id_1
telepointerGO.js:2338 darin@gmail.com =>MODULE_CONFIG_CHANGE=>moduleID:module_id_1
telepointerGO.js:2338 darin@gmail.com =>MODULE_CONFIG_CHANGE=>moduleID:module_id_1
telepointerGO.js:2338 darin@gmail.com =>MODULE_CONFIG_CHANGE=>moduleID:module_id_1
telepointerGO.js:2338 darin@gmail.com =>MODULE_CONFIG_CHANGE=>moduleID:module_id_1
telepointerGO.js:2338 darin@gmail.com =>MODULE_CONFIG_CHANGE=>moduleID:module_id_1
telepointerGO.js:2338 darin@gmail.com =>MODULE_CONFIG_CHANGE=>moduleID:module_id_1
telepointerGO.js:2338 darin@gmail.com =>MODULE_CONFIG_CHANGE=>moduleID:module_id_1
telepointerGO.js:2338 darin@gmail.com =>MODULE_CONFIG_CHANGE=>moduleID:module_id_1
telepointerGO.js:2338 darin@gmail.com =>MODULE_CONFIG_CHANGE=>moduleID:module_id_1
telepointerGO.js:2338 darin@gmail.com =>MODULE_CONFIG_CHANGE=>moduleID:module_id_1
telepointerGO.js:2338 darin@gmail.com =>MODULE_CONFIG_CHANGE=>moduleID:module_id_1
telepointerGO.js:2338 darin@gmail.com =>MODULE_CONFIG_CHANGE=>moduleID:module_id_1
telepointerGO.js:2338 darin@gmail.com =>MODULE_CONFIG_CHANGE=>moduleID:module_id_1
telepointerGO.js:2338 darin@gmail.com =>MODULE_CONFIG_CHANGE=>moduleID:module_id_1
telepointerGO.js:2338 darin@gmail.com =>MODULE_CONFIG_CHANGE=>moduleID:module_id_1
telepointerGO.js:2338 darin@gmail.com =>MODULE_CONFIG_CHANGE=>moduleID:module_id_1
telepointerGO.js:2338 darin@gmail.com =>MODULE_CONFIG_CHANGE=>moduleID:module_id_1
telepointerGO.js:2338 darin@gmail.com =>MODULE_CONFIG_CHANGE=>moduleID:module_id_1
telepointerGO.js:2338 darin@gmail.com =>MODULE_CONFIG_CHANGE=>moduleID:module_id_1
telepointerGO.js:2338 darin@gmail.com =>MODULE_CONFIG_CHANGE=>moduleID:module_id_1
telepointerGO.js:2338 darin@gmail.com =>MODULE_CONFIG_CHANGE=>moduleID:module_id_1
telepointerGO.js:2338 darin@gmail.com =>MODULE_CONFIG_CHANGE=>moduleID:module_id_1
telepointerGO.js:2338 darin@gmail.com =>MODULE_CONFIG_CHANGE=>moduleID:module_id_1
telepointerGO.js:2338 darin@gmail.com =>MODULE_CONFIG_CHANGE=>moduleID:module_id_1
telepointerGO.js:2338 darin@gmail.com =>MODULE_CONFIG_CHANGE=>moduleID:module_id_1
telepointerGO.js:2338 darin@gmail.com =>MODULE_CONFIG_CHANGE=>moduleID:module_id_1
telepointerGO.js:2338 darin@gmail.com =>MODULE_CONFIG_CHANGE=>moduleID:module_id_1
telepointerGO.js:2338 darin@gmail.com =>MODULE_CONFIG_CHANGE=>moduleID:module_id_1
telepointerGO.js:2338 darin@gmail.com =>MODULE_CONFIG_CHANGE=>moduleID:module_id_1
telepointerGO.js:2338 darin@gmail.com =>MODULE_CONFIG_CHANGE=>moduleID:module_id_1
telepointerGO.js:2338 darin@gmail.com =>MODULE_CONFIG_CHANGE=>moduleID:module_id_1
telepointerGO.js:2338 darin@gmail.com =>MODULE_CONFIG_CHANGE=>moduleID:module_id_1
telepointerGO.js:2338 darin@gmail.com =>MODULE_CONFIG_CHANGE=>moduleID:module_id_1
telepointerGO.js:2338 darin@gmail.com =>MODULE_CONFIG_CHANGE=>moduleID:module_id_1
telepointerGO.js:2338 darin@gmail.com =>MODULE_CONFIG_CHANGE=>moduleID:module_id_1
telepointerGO.js:2338 darin@gmail.com =>MODULE_CONFIG_CHANGE=>moduleID:module_id_1
telepointerGO.js:2338 darin@gmail.com =>MODULE_CONFIG_CHANGE=>moduleID:module_id_1
telepointerGO.js:2338 darin@gmail.com =>MODULE_CONFIG_CHANGE=>moduleID:module_id_1
telepointerGO.js:2338 darin@gmail.com =>MODULE_CONFIG_CHANGE=>moduleID:module_id_1
telepointerGO.js:2338 darin@gmail.com =>MODULE_CONFIG_CHANGE=>moduleID:module_id_1
telepointerGO.js:2338 darin@gmail.com =>MODULE_CONFIG_CHANGE=>moduleID:module_id_1
telepointerGO.js:2338 darin@gmail.com =>MODULE_CONFIG_CHANGE=>moduleID:module_id_1
telepointerGO.js:2338 darin@gmail.com =>MODULE_CONFIG_CHANGE=>moduleID:module_id_1
telepointerGO.js:2338 darin@gmail.com =>MODULE_CONFIG_CHANGE=>moduleID:module_id_1
telepointerGO.js:2338 darin@gmail.com =>MODULE_CONFIG_CHANGE=>moduleID:module_id_1
telepointerGO.js:2338 darin@gmail.com =>MODULE_CONFIG_CHANGE=>moduleID:module_id_1
telepointerGO.js:2338 darin@gmail.com =>MODULE_CONFIG_CHANGE=>moduleID:module_id_1
telepointerGO.js:2338 darin@gmail.com =>MODULE_CONFIG_CHANGE=>moduleID:module_id_1
telepointerGO.js:2338 darin@gmail.com =>MODULE_CONFIG_CHANGE=>moduleID:module_id_1
telepointerGO.js:2338 darin@gmail.com =>MODULE_CONFIG_CHANGE=>moduleID:module_id_1
telepointerGO.js:3570 darin@gmail.com =>P2P_CHAT_SENT=>to:john_gmail_com*text:hey i was wondering what u r up to
telepointerGO.js:2338 darin@gmail.com =>MODULE_CONFIG_CHANGE=>moduleID:module_id_1
telepointerGO.js:2338 darin@gmail.com =>MODULE_CONFIG_CHANGE=>moduleID:module_id_1
telepointerGO.js:2338 darin@gmail.com =>MODULE_CONFIG_CHANGE=>moduleID:module_id_1
telepointerGO.js:2338 darin@gmail.com =>MODULE_CONFIG_CHANGE=>moduleID:module_id_1
telepointerGO.js:2338 darin@gmail.com =>MODULE_CONFIG_CHANGE=>moduleID:module_id_1
telepointerGO.js:2338 darin@gmail.com =>MODULE_CONFIG_CHANGE=>moduleID:module_id_1
telepointerGO.js:2338 darin@gmail.com =>MODULE_CONFIG_CHANGE=>moduleID:module_id_1
telepointerGO.js:2338 darin@gmail.com =>MODULE_CONFIG_CHANGE=>moduleID:module_id_1
telepointerGO.js:2338 darin@gmail.com =>MODULE_CONFIG_CHANGE=>moduleID:module_id_1
telepointerGO.js:2338 darin@gmail.com =>MODULE_CONFIG_CHANGE=>moduleID:module_id_1
telepointerGO.js:2338 darin@gmail.com =>MODULE_CONFIG_CHANGE=>moduleID:module_id_1
telepointerGO.js:2338 darin@gmail.com =>MODULE_CONFIG_CHANGE=>moduleID:module_id_1
telepointerGO.js:2338 darin@gmail.com =>MODULE_CONFIG_CHANGE=>moduleID:module_id_1
telepointerGO.js:2338 darin@gmail.com =>MODULE_CONFIG_CHANGE=>moduleID:module_id_1
telepointerGO.js:2338 darin@gmail.com =>MODULE_CONFIG_CHANGE=>moduleID:module_id_1
telepointerGO.js:2338 darin@gmail.com =>MODULE_CONFIG_CHANGE=>moduleID:module_id_1
telepointerGO.js:2338 darin@gmail.com =>MODULE_CONFIG_CHANGE=>moduleID:module_id_1
telepointerGO.js:2338 darin@gmail.com =>MODULE_CONFIG_CHANGE=>moduleID:module_id_1
telepointerGO.js:2338 darin@gmail.com =>MODULE_CONFIG_CHANGE=>moduleID:module_id_1
telepointerGO.js:2338 darin@gmail.com =>MODULE_CONFIG_CHANGE=>moduleID:module_id_1
telepointerGO.js:3089 darin@gmail.com =>MODULE_ADDED=>module_id:2
telepointerGO.js:2338 darin@gmail.com =>MODULE_CONFIG_CHANGE=>moduleID:module_id_1
telepointerGO.js:2338 darin@gmail.com =>MODULE_CONFIG_CHANGE=>moduleID:module_id_1
telepointerGO.js:2338 darin@gmail.com =>MODULE_CONFIG_CHANGE=>moduleID:module_id_2
telepointerGO.js:2338 darin@gmail.com =>MODULE_CONFIG_CHANGE=>moduleID:module_id_2
telepointerGO.js:2338 darin@gmail.com =>MODULE_CONFIG_CHANGE=>moduleID:module_id_1
telepointerGO.js:2338 darin@gmail.com =>MODULE_CONFIG_CHANGE=>moduleID:module_id_1
telepointerGO.js:2338 darin@gmail.com =>MODULE_CONFIG_CHANGE=>moduleID:module_id_2
telepointerGO.js:2338 darin@gmail.com =>MODULE_CONFIG_CHANGE=>moduleID:module_id_2
telepointerGO.js:2338 darin@gmail.com =>MODULE_CONFIG_CHANGE=>moduleID:module_id_1
telepointerGO.js:2338 darin@gmail.com =>MODULE_CONFIG_CHANGE=>moduleID:module_id_1
telepointerGO.js:2338 darin@gmail.com =>MODULE_CONFIG_CHANGE=>moduleID:module_id_2
telepointerGO.js:2338 darin@gmail.com =>MODULE_CONFIG_CHANGE=>moduleID:module_id_2
telepointerGO.js:406 darin@gmail.com =>MODULE_MOVED=>key:module_id_2*x:-439*y:-75
telepointerGO.js:2338 darin@gmail.com =>MODULE_CONFIG_CHANGE=>moduleID:module_id_1
telepointerGO.js:2338 darin@gmail.com =>MODULE_CONFIG_CHANGE=>moduleID:module_id_1
telepointerGO.js:2338 darin@gmail.com =>MODULE_CONFIG_CHANGE=>moduleID:module_id_2
telepointerGO.js:2338 darin@gmail.com =>MODULE_CONFIG_CHANGE=>moduleID:module_id_2
telepointerGO.js:2338 darin@gmail.com =>MODULE_CONFIG_CHANGE=>moduleID:module_id_1
telepointerGO.js:2338 darin@gmail.com =>MODULE_CONFIG_CHANGE=>moduleID:module_id_1
telepointerGO.js:2338 darin@gmail.com =>MODULE_CONFIG_CHANGE=>moduleID:module_id_2
telepointerGO.js:2338 darin@gmail.com =>MODULE_CONFIG_CHANGE=>moduleID:module_id_2
telepointerGO.js:2338 darin@gmail.com =>MODULE_CONFIG_CHANGE=>moduleID:module_id_1
telepointerGO.js:2338 darin@gmail.com =>MODULE_CONFIG_CHANGE=>moduleID:module_id_1
telepointerGO.js:2338 darin@gmail.com =>MODULE_CONFIG_CHANGE=>moduleID:module_id_2
telepointerGO.js:2338 darin@gmail.com =>MODULE_CONFIG_CHANGE=>moduleID:module_id_2
telepointerGO.js:2338 darin@gmail.com =>MODULE_CONFIG_CHANGE=>moduleID:module_id_1
telepointerGO.js:2338 darin@gmail.com =>MODULE_CONFIG_CHANGE=>moduleID:module_id_1
telepointerGO.js:2338 darin@gmail.com =>MODULE_CONFIG_CHANGE=>moduleID:module_id_2
telepointerGO.js:2338 darin@gmail.com =>MODULE_CONFIG_CHANGE=>moduleID:module_id_2
telepointerGO.js:2338 darin@gmail.com =>MODULE_CONFIG_CHANGE=>moduleID:module_id_1
telepointerGO.js:2338 darin@gmail.com =>MODULE_CONFIG_CHANGE=>moduleID:module_id_1
telepointerGO.js:2338 darin@gmail.com =>MODULE_CONFIG_CHANGE=>moduleID:module_id_2
telepointerGO.js:2338 darin@gmail.com =>MODULE_CONFIG_CHANGE=>moduleID:module_id_2
telepointerGO.js:2338 darin@gmail.com =>MODULE_CONFIG_CHANGE=>moduleID:module_id_1
telepointerGO.js:2338 darin@gmail.com =>MODULE_CONFIG_CHANGE=>moduleID:module_id_1
telepointerGO.js:2338 darin@gmail.com =>MODULE_CONFIG_CHANGE=>moduleID:module_id_2
telepointerGO.js:2338 darin@gmail.com =>MODULE_CONFIG_CHANGE=>moduleID:module_id_2
telepointerGO.js:2338 darin@gmail.com =>MODULE_CONFIG_CHANGE=>moduleID:module_id_1
telepointerGO.js:2338 darin@gmail.com =>MODULE_CONFIG_CHANGE=>moduleID:module_id_1
telepointerGO.js:2338 darin@gmail.com =>MODULE_CONFIG_CHANGE=>moduleID:module_id_2
telepointerGO.js:2338 darin@gmail.com =>MODULE_CONFIG_CHANGE=>moduleID:module_id_2
telepointerGO.js:2338 darin@gmail.com =>MODULE_CONFIG_CHANGE=>moduleID:module_id_1
telepointerGO.js:2338 darin@gmail.com =>MODULE_CONFIG_CHANGE=>moduleID:module_id_1
telepointerGO.js:2338 darin@gmail.com =>MODULE_CONFIG_CHANGE=>moduleID:module_id_2
telepointerGO.js:2338 darin@gmail.com =>MODULE_CONFIG_CHANGE=>moduleID:module_id_2
telepointerGO.js:2338 darin@gmail.com =>MODULE_CONFIG_CHANGE=>moduleID:module_id_1
telepointerGO.js:2338 darin@gmail.com =>MODULE_CONFIG_CHANGE=>moduleID:module_id_1
telepointerGO.js:2338 darin@gmail.com =>MODULE_CONFIG_CHANGE=>moduleID:module_id_2
telepointerGO.js:2338 darin@gmail.com =>MODULE_CONFIG_CHANGE=>moduleID:module_id_2
telepointerGO.js:3570 darin@gmail.com =>P2P_CHAT_SENT=>to:john_gmail_com*text:i created the input parts
telepointerGO.js:2338 darin@gmail.com =>MODULE_CONFIG_CHANGE=>moduleID:module_id_1
telepointerGO.js:2338 darin@gmail.com =>MODULE_CONFIG_CHANGE=>moduleID:module_id_1
telepointerGO.js:2338 darin@gmail.com =>MODULE_CONFIG_CHANGE=>moduleID:module_id_2
telepointerGO.js:2338 darin@gmail.com =>MODULE_CONFIG_CHANGE=>moduleID:module_id_2
telepointerGO.js:2338 darin@gmail.com =>MODULE_CONFIG_CHANGE=>moduleID:module_id_1
telepointerGO.js:2338 darin@gmail.com =>MODULE_CONFIG_CHANGE=>moduleID:module_id_1
telepointerGO.js:2338 darin@gmail.com =>MODULE_CONFIG_CHANGE=>moduleID:module_id_2
telepointerGO.js:2338 darin@gmail.com =>MODULE_CONFIG_CHANGE=>moduleID:module_id_2
telepointerGO.js:2338 darin@gmail.com =>MODULE_CONFIG_CHANGE=>moduleID:module_id_1
telepointerGO.js:2338 darin@gmail.com =>MODULE_CONFIG_CHANGE=>moduleID:module_id_1
telepointerGO.js:2338 darin@gmail.com =>MODULE_CONFIG_CHANGE=>moduleID:module_id_2
telepointerGO.js:2338 darin@gmail.com =>MODULE_CONFIG_CHANGE=>moduleID:module_id_2
telepointerGO.js:2338 darin@gmail.com =>MODULE_CONFIG_CHANGE=>moduleID:module_id_1
telepointerGO.js:2338 darin@gmail.com =>MODULE_CONFIG_CHANGE=>moduleID:module_id_1
telepointerGO.js:2338 darin@gmail.com =>MODULE_CONFIG_CHANGE=>moduleID:module_id_2
telepointerGO.js:2338 darin@gmail.com =>MODULE_CONFIG_CHANGE=>moduleID:module_id_2
telepointerGO.js:2338 darin@gmail.com =>MODULE_CONFIG_CHANGE=>moduleID:module_id_1
telepointerGO.js:2338 darin@gmail.com =>MODULE_CONFIG_CHANGE=>moduleID:module_id_1
telepointerGO.js:2338 darin@gmail.com =>MODULE_CONFIG_CHANGE=>moduleID:module_id_2
telepointerGO.js:2338 darin@gmail.com =>MODULE_CONFIG_CHANGE=>moduleID:module_id_2
telepointerGO.js:1324 darin@gmail.com =>FLOOR_RELEASED
telepointerGO.js:318 darin@gmail.com =>MODULE_CONFIG_CLOSED
telepointerGO.js:3570 darin@gmail.com =>P2P_CHAT_SENT=>to:john_gmail_com*text:get fastqc groomer
telepointerGO.js:3570 darin@gmail.com =>P2P_CHAT_SENT=>to:john_gmail_com*text:gr8
telepointerGO.js:3570 darin@gmail.com =>P2P_CHAT_SENT=>to:john_gmail_com*text:ok now giving the access to the 2 input modules
telepointerGO.js:1313 darin@gmail.com =>FLOOR_REQUESTED
telepointerGO.js:318 darin@gmail.com =>MODULE_CONFIG_CLOSED
telepointerGO.js:318 darin@gmail.com =>MODULE_CONFIG_CLOSED
telepointerGO.js:406 darin@gmail.com =>MODULE_MOVED=>key:module_id_1*x:-851.2386839855639*y:-567.9640894733586
telepointerGO.js:406 darin@gmail.com =>MODULE_MOVED=>key:module_id_2*x:-872.0998699216285*y:-335.70814762229946
telepointerGO.js:406 darin@gmail.com =>MODULE_MOVED=>key:module_id_5*x:-503.1798377825619*y:-181.04152309003456
telepointerGO.js:406 darin@gmail.com =>MODULE_MOVED=>key:module_id_2*x:-862.2501669630348*y:-279.42413071604943
telepointerGO.js:406 darin@gmail.com =>MODULE_MOVED=>key:module_id_1*x:-866.7167886347826*y:-438.5108505889836
telepointerGO.js:406 darin@gmail.com =>MODULE_MOVED=>key:module_id_3*x:-502.5252705812288*y:-554.3304230875908
telepointerGO.js:406 darin@gmail.com =>MODULE_MOVED=>key:module_id_6*x:-153.96398361415402*y:-385.39388874196015
telepointerGO.js:3089 darin@gmail.com =>MODULE_ADDED=>module_id:7
telepointerGO.js:2338 darin@gmail.com =>MODULE_CONFIG_CHANGE=>moduleID:module_id_7
telepointerGO.js:2338 darin@gmail.com =>MODULE_CONFIG_CHANGE=>moduleID:module_id_7
telepointerGO.js:2338 darin@gmail.com =>MODULE_CONFIG_CHANGE=>moduleID:module_id_7
telepointerGO.js:2338 darin@gmail.com =>MODULE_CONFIG_CHANGE=>moduleID:module_id_7
telepointerGO.js:2338 darin@gmail.com =>MODULE_CONFIG_CHANGE=>moduleID:module_id_7
telepointerGO.js:2338 darin@gmail.com =>MODULE_CONFIG_CHANGE=>moduleID:module_id_7
telepointerGO.js:2338 darin@gmail.com =>MODULE_CONFIG_CHANGE=>moduleID:module_id_7
telepointerGO.js:2338 darin@gmail.com =>MODULE_CONFIG_CHANGE=>moduleID:module_id_7
telepointerGO.js:2338 darin@gmail.com =>MODULE_CONFIG_CHANGE=>moduleID:module_id_7
telepointerGO.js:2338 darin@gmail.com =>MODULE_CONFIG_CHANGE=>moduleID:module_id_7
telepointerGO.js:2338 darin@gmail.com =>MODULE_CONFIG_CHANGE=>moduleID:module_id_7
telepointerGO.js:2338 darin@gmail.com =>MODULE_CONFIG_CHANGE=>moduleID:module_id_7
telepointerGO.js:2338 darin@gmail.com =>MODULE_CONFIG_CHANGE=>moduleID:module_id_7
telepointerGO.js:2338 darin@gmail.com =>MODULE_CONFIG_CHANGE=>moduleID:module_id_7
telepointerGO.js:2338 darin@gmail.com =>MODULE_CONFIG_CHANGE=>moduleID:module_id_7
telepointerGO.js:2338 darin@gmail.com =>MODULE_CONFIG_CHANGE=>moduleID:module_id_7
telepointerGO.js:2338 darin@gmail.com =>MODULE_CONFIG_CHANGE=>moduleID:module_id_7
telepointerGO.js:2338 darin@gmail.com =>MODULE_CONFIG_CHANGE=>moduleID:module_id_7
telepointerGO.js:2338 darin@gmail.com =>MODULE_CONFIG_CHANGE=>moduleID:module_id_7
telepointerGO.js:2338 darin@gmail.com =>MODULE_CONFIG_CHANGE=>moduleID:module_id_7
telepointerGO.js:406 darin@gmail.com =>MODULE_MOVED=>key:module_id_7*x:247.6496743875*y:-386.95261623046883
telepointerGO.js:2338 darin@gmail.com =>MODULE_CONFIG_CHANGE=>moduleID:module_id_7
telepointerGO.js:2338 darin@gmail.com =>MODULE_CONFIG_CHANGE=>moduleID:module_id_7
telepointerGO.js:2338 darin@gmail.com =>MODULE_CONFIG_CHANGE=>moduleID:module_id_7
telepointerGO.js:2338 darin@gmail.com =>MODULE_CONFIG_CHANGE=>moduleID:module_id_7
telepointerGO.js:2338 darin@gmail.com =>MODULE_CONFIG_CHANGE=>moduleID:module_id_7
telepointerGO.js:2338 darin@gmail.com =>MODULE_CONFIG_CHANGE=>moduleID:module_id_7
telepointerGO.js:2338 darin@gmail.com =>MODULE_CONFIG_CHANGE=>moduleID:module_id_7
telepointerGO.js:2338 darin@gmail.com =>MODULE_CONFIG_CHANGE=>moduleID:module_id_7
telepointerGO.js:2338 darin@gmail.com =>MODULE_CONFIG_CHANGE=>moduleID:module_id_7
telepointerGO.js:2338 darin@gmail.com =>MODULE_CONFIG_CHANGE=>moduleID:module_id_7
telepointerGO.js:2338 darin@gmail.com =>MODULE_CONFIG_CHANGE=>moduleID:module_id_7
telepointerGO.js:2338 darin@gmail.com =>MODULE_CONFIG_CHANGE=>moduleID:module_id_7
telepointerGO.js:2338 darin@gmail.com =>MODULE_CONFIG_CHANGE=>moduleID:module_id_7
telepointerGO.js:2338 darin@gmail.com =>MODULE_CONFIG_CHANGE=>moduleID:module_id_7
telepointerGO.js:2338 darin@gmail.com =>MODULE_CONFIG_CHANGE=>moduleID:module_id_7
telepointerGO.js:2338 darin@gmail.com =>MODULE_CONFIG_CHANGE=>moduleID:module_id_7
telepointerGO.js:2338 darin@gmail.com =>MODULE_CONFIG_CHANGE=>moduleID:module_id_7
telepointerGO.js:2338 darin@gmail.com =>MODULE_CONFIG_CHANGE=>moduleID:module_id_7
telepointerGO.js:2338 darin@gmail.com =>MODULE_CONFIG_CHANGE=>moduleID:module_id_7
telepointerGO.js:2338 darin@gmail.com =>MODULE_CONFIG_CHANGE=>moduleID:module_id_7
telepointerGO.js:2338 darin@gmail.com =>MODULE_CONFIG_CHANGE=>moduleID:module_id_7
telepointerGO.js:2338 darin@gmail.com =>MODULE_CONFIG_CHANGE=>moduleID:module_id_7
telepointerGO.js:2338 darin@gmail.com =>MODULE_CONFIG_CHANGE=>moduleID:module_id_7
telepointerGO.js:2338 darin@gmail.com =>MODULE_CONFIG_CHANGE=>moduleID:module_id_7
telepointerGO.js:2338 darin@gmail.com =>MODULE_CONFIG_CHANGE=>moduleID:module_id_7
telepointerGO.js:2338 darin@gmail.com =>MODULE_CONFIG_CHANGE=>moduleID:module_id_7
telepointerGO.js:2338 darin@gmail.com =>MODULE_CONFIG_CHANGE=>moduleID:module_id_7
telepointerGO.js:2338 darin@gmail.com =>MODULE_CONFIG_CHANGE=>moduleID:module_id_7
telepointerGO.js:2338 darin@gmail.com =>MODULE_CONFIG_CHANGE=>moduleID:module_id_7
telepointerGO.js:2338 darin@gmail.com =>MODULE_CONFIG_CHANGE=>moduleID:module_id_7
telepointerGO.js:2338 darin@gmail.com =>MODULE_CONFIG_CHANGE=>moduleID:module_id_7
telepointerGO.js:2338 darin@gmail.com =>MODULE_CONFIG_CHANGE=>moduleID:module_id_7
telepointerGO.js:2338 darin@gmail.com =>MODULE_CONFIG_CHANGE=>moduleID:module_id_7
telepointerGO.js:2338 darin@gmail.com =>MODULE_CONFIG_CHANGE=>moduleID:module_id_7
telepointerGO.js:2338 darin@gmail.com =>MODULE_CONFIG_CHANGE=>moduleID:module_id_7
telepointerGO.js:2338 darin@gmail.com =>MODULE_CONFIG_CHANGE=>moduleID:module_id_7
telepointerGO.js:2338 darin@gmail.com =>MODULE_CONFIG_CHANGE=>moduleID:module_id_7
telepointerGO.js:2338 darin@gmail.com =>MODULE_CONFIG_CHANGE=>moduleID:module_id_7
telepointerGO.js:2338 darin@gmail.com =>MODULE_CONFIG_CHANGE=>moduleID:module_id_7
telepointerGO.js:2338 darin@gmail.com =>MODULE_CONFIG_CHANGE=>moduleID:module_id_7
telepointerGO.js:2338 darin@gmail.com =>MODULE_CONFIG_CHANGE=>moduleID:module_id_7
telepointerGO.js:2338 darin@gmail.com =>MODULE_CONFIG_CHANGE=>moduleID:module_id_7
telepointerGO.js:2338 darin@gmail.com =>MODULE_CONFIG_CHANGE=>moduleID:module_id_7
telepointerGO.js:2338 darin@gmail.com =>MODULE_CONFIG_CHANGE=>moduleID:module_id_7
telepointerGO.js:2338 darin@gmail.com =>MODULE_CONFIG_CHANGE=>moduleID:module_id_7
telepointerGO.js:2338 darin@gmail.com =>MODULE_CONFIG_CHANGE=>moduleID:module_id_7
telepointerGO.js:2338 darin@gmail.com =>MODULE_CONFIG_CHANGE=>moduleID:module_id_7
telepointerGO.js:2338 darin@gmail.com =>MODULE_CONFIG_CHANGE=>moduleID:module_id_7
telepointerGO.js:2338 darin@gmail.com =>MODULE_CONFIG_CHANGE=>moduleID:module_id_7
telepointerGO.js:2338 darin@gmail.com =>MODULE_CONFIG_CHANGE=>moduleID:module_id_7
telepointerGO.js:2338 darin@gmail.com =>MODULE_CONFIG_CHANGE=>moduleID:module_id_7
telepointerGO.js:2338 darin@gmail.com =>MODULE_CONFIG_CHANGE=>moduleID:module_id_7
telepointerGO.js:2338 darin@gmail.com =>MODULE_CONFIG_CHANGE=>moduleID:module_id_7
telepointerGO.js:2338 darin@gmail.com =>MODULE_CONFIG_CHANGE=>moduleID:module_id_7
telepointerGO.js:2338 darin@gmail.com =>MODULE_CONFIG_CHANGE=>moduleID:module_id_7
telepointerGO.js:2338 darin@gmail.com =>MODULE_CONFIG_CHANGE=>moduleID:module_id_7
telepointerGO.js:2338 darin@gmail.com =>MODULE_CONFIG_CHANGE=>moduleID:module_id_7
telepointerGO.js:2338 darin@gmail.com =>MODULE_CONFIG_CHANGE=>moduleID:module_id_7
telepointerGO.js:2338 darin@gmail.com =>MODULE_CONFIG_CHANGE=>moduleID:module_id_7
telepointerGO.js:2338 darin@gmail.com =>MODULE_CONFIG_CHANGE=>moduleID:module_id_7
telepointerGO.js:2338 darin@gmail.com =>MODULE_CONFIG_CHANGE=>moduleID:module_id_7
telepointerGO.js:2338 darin@gmail.com =>MODULE_CONFIG_CHANGE=>moduleID:module_id_7
telepointerGO.js:2338 darin@gmail.com =>MODULE_CONFIG_CHANGE=>moduleID:module_id_7
telepointerGO.js:2338 darin@gmail.com =>MODULE_CONFIG_CHANGE=>moduleID:module_id_7
telepointerGO.js:2338 darin@gmail.com =>MODULE_CONFIG_CHANGE=>moduleID:module_id_7
telepointerGO.js:2338 darin@gmail.com =>MODULE_CONFIG_CHANGE=>moduleID:module_id_7
telepointerGO.js:2338 darin@gmail.com =>MODULE_CONFIG_CHANGE=>moduleID:module_id_7
telepointerGO.js:2338 darin@gmail.com =>MODULE_CONFIG_CHANGE=>moduleID:module_id_7
telepointerGO.js:2338 darin@gmail.com =>MODULE_CONFIG_CHANGE=>moduleID:module_id_7
telepointerGO.js:2338 darin@gmail.com =>MODULE_CONFIG_CHANGE=>moduleID:module_id_7
telepointerGO.js:2338 darin@gmail.com =>MODULE_CONFIG_CHANGE=>moduleID:module_id_7
telepointerGO.js:2338 darin@gmail.com =>MODULE_CONFIG_CHANGE=>moduleID:module_id_7
telepointerGO.js:2338 darin@gmail.com =>MODULE_CONFIG_CHANGE=>moduleID:module_id_7
telepointerGO.js:2338 darin@gmail.com =>MODULE_CONFIG_CHANGE=>moduleID:module_id_7
telepointerGO.js:2338 darin@gmail.com =>MODULE_CONFIG_CHANGE=>moduleID:module_id_7
telepointerGO.js:2338 darin@gmail.com =>MODULE_CONFIG_CHANGE=>moduleID:module_id_7
telepointerGO.js:2338 darin@gmail.com =>MODULE_CONFIG_CHANGE=>moduleID:module_id_7
telepointerGO.js:2338 darin@gmail.com =>MODULE_CONFIG_CHANGE=>moduleID:module_id_7
telepointerGO.js:2338 darin@gmail.com =>MODULE_CONFIG_CHANGE=>moduleID:module_id_7
telepointerGO.js:2338 darin@gmail.com =>MODULE_CONFIG_CHANGE=>moduleID:module_id_7
telepointerGO.js:2338 darin@gmail.com =>MODULE_CONFIG_CHANGE=>moduleID:module_id_7
telepointerGO.js:2338 darin@gmail.com =>MODULE_CONFIG_CHANGE=>moduleID:module_id_7
telepointerGO.js:2338 darin@gmail.com =>MODULE_CONFIG_CHANGE=>moduleID:module_id_7
telepointerGO.js:2338 darin@gmail.com =>MODULE_CONFIG_CHANGE=>moduleID:module_id_7
telepointerGO.js:2338 darin@gmail.com =>MODULE_CONFIG_CHANGE=>moduleID:module_id_7
telepointerGO.js:2338 darin@gmail.com =>MODULE_CONFIG_CHANGE=>moduleID:module_id_7
telepointerGO.js:2338 darin@gmail.com =>MODULE_CONFIG_CHANGE=>moduleID:module_id_7
telepointerGO.js:2338 darin@gmail.com =>MODULE_CONFIG_CHANGE=>moduleID:module_id_7
telepointerGO.js:2338 darin@gmail.com =>MODULE_CONFIG_CHANGE=>moduleID:module_id_7
telepointerGO.js:2338 darin@gmail.com =>MODULE_CONFIG_CHANGE=>moduleID:module_id_7
telepointerGO.js:2338 darin@gmail.com =>MODULE_CONFIG_CHANGE=>moduleID:module_id_7
telepointerGO.js:2338 darin@gmail.com =>MODULE_CONFIG_CHANGE=>moduleID:module_id_7
telepointerGO.js:2338 darin@gmail.com =>MODULE_CONFIG_CHANGE=>moduleID:module_id_7
telepointerGO.js:2338 darin@gmail.com =>MODULE_CONFIG_CHANGE=>moduleID:module_id_7
telepointerGO.js:2338 darin@gmail.com =>MODULE_CONFIG_CHANGE=>moduleID:module_id_7
telepointerGO.js:2338 darin@gmail.com =>MODULE_CONFIG_CHANGE=>moduleID:module_id_7
telepointerGO.js:2338 darin@gmail.com =>MODULE_CONFIG_CHANGE=>moduleID:module_id_7
telepointerGO.js:2338 darin@gmail.com =>MODULE_CONFIG_CHANGE=>moduleID:module_id_7
telepointerGO.js:2338 darin@gmail.com =>MODULE_CONFIG_CHANGE=>moduleID:module_id_7
telepointerGO.js:2338 darin@gmail.com =>MODULE_CONFIG_CHANGE=>moduleID:module_id_7
telepointerGO.js:2338 darin@gmail.com =>MODULE_CONFIG_CHANGE=>moduleID:module_id_7
telepointerGO.js:2338 darin@gmail.com =>MODULE_CONFIG_CHANGE=>moduleID:module_id_7
telepointerGO.js:2338 darin@gmail.com =>MODULE_CONFIG_CHANGE=>moduleID:module_id_7
telepointerGO.js:2338 darin@gmail.com =>MODULE_CONFIG_CHANGE=>moduleID:module_id_7
telepointerGO.js:2338 darin@gmail.com =>MODULE_CONFIG_CHANGE=>moduleID:module_id_7
telepointerGO.js:2338 darin@gmail.com =>MODULE_CONFIG_CHANGE=>moduleID:module_id_7
telepointerGO.js:2338 darin@gmail.com =>MODULE_CONFIG_CHANGE=>moduleID:module_id_7
telepointerGO.js:2338 darin@gmail.com =>MODULE_CONFIG_CHANGE=>moduleID:module_id_7
telepointerGO.js:2338 darin@gmail.com =>MODULE_CONFIG_CHANGE=>moduleID:module_id_7
telepointerGO.js:2338 darin@gmail.com =>MODULE_CONFIG_CHANGE=>moduleID:module_id_7
telepointerGO.js:2338 darin@gmail.com =>MODULE_CONFIG_CHANGE=>moduleID:module_id_7
telepointerGO.js:2338 darin@gmail.com =>MODULE_CONFIG_CHANGE=>moduleID:module_id_7
telepointerGO.js:2338 darin@gmail.com =>MODULE_CONFIG_CHANGE=>moduleID:module_id_7
telepointerGO.js:2338 darin@gmail.com =>MODULE_CONFIG_CHANGE=>moduleID:module_id_7
telepointerGO.js:2338 darin@gmail.com =>MODULE_CONFIG_CHANGE=>moduleID:module_id_7
telepointerGO.js:2338 darin@gmail.com =>MODULE_CONFIG_CHANGE=>moduleID:module_id_7
telepointerGO.js:2338 darin@gmail.com =>MODULE_CONFIG_CHANGE=>moduleID:module_id_7
telepointerGO.js:2338 darin@gmail.com =>MODULE_CONFIG_CHANGE=>moduleID:module_id_7
telepointerGO.js:2338 darin@gmail.com =>MODULE_CONFIG_CHANGE=>moduleID:module_id_7
telepointerGO.js:2338 darin@gmail.com =>MODULE_CONFIG_CHANGE=>moduleID:module_id_7
telepointerGO.js:2338 darin@gmail.com =>MODULE_CONFIG_CHANGE=>moduleID:module_id_7
telepointerGO.js:2338 darin@gmail.com =>MODULE_CONFIG_CHANGE=>moduleID:module_id_7
telepointerGO.js:2338 darin@gmail.com =>MODULE_CONFIG_CHANGE=>moduleID:module_id_7
telepointerGO.js:2338 darin@gmail.com =>MODULE_CONFIG_CHANGE=>moduleID:module_id_7
telepointerGO.js:2338 darin@gmail.com =>MODULE_CONFIG_CHANGE=>moduleID:module_id_7
telepointerGO.js:2338 darin@gmail.com =>MODULE_CONFIG_CHANGE=>moduleID:module_id_7
telepointerGO.js:2338 darin@gmail.com =>MODULE_CONFIG_CHANGE=>moduleID:module_id_7
telepointerGO.js:2338 darin@gmail.com =>MODULE_CONFIG_CHANGE=>moduleID:module_id_7
telepointerGO.js:2338 darin@gmail.com =>MODULE_CONFIG_CHANGE=>moduleID:module_id_7
telepointerGO.js:2338 darin@gmail.com =>MODULE_CONFIG_CHANGE=>moduleID:module_id_7
telepointerGO.js:2338 darin@gmail.com =>MODULE_CONFIG_CHANGE=>moduleID:module_id_7
telepointerGO.js:2338 darin@gmail.com =>MODULE_CONFIG_CHANGE=>moduleID:module_id_7
telepointerGO.js:2338 darin@gmail.com =>MODULE_CONFIG_CHANGE=>moduleID:module_id_7
telepointerGO.js:2338 darin@gmail.com =>MODULE_CONFIG_CHANGE=>moduleID:module_id_7
telepointerGO.js:2338 darin@gmail.com =>MODULE_CONFIG_CHANGE=>moduleID:module_id_7
telepointerGO.js:2338 darin@gmail.com =>MODULE_CONFIG_CHANGE=>moduleID:module_id_7
telepointerGO.js:2338 darin@gmail.com =>MODULE_CONFIG_CHANGE=>moduleID:module_id_7
telepointerGO.js:2338 darin@gmail.com =>MODULE_CONFIG_CHANGE=>moduleID:module_id_7
telepointerGO.js:2338 darin@gmail.com =>MODULE_CONFIG_CHANGE=>moduleID:module_id_7
telepointerGO.js:2338 darin@gmail.com =>MODULE_CONFIG_CHANGE=>moduleID:module_id_7
telepointerGO.js:2338 darin@gmail.com =>MODULE_CONFIG_CHANGE=>moduleID:module_id_7
telepointerGO.js:2338 darin@gmail.com =>MODULE_CONFIG_CHANGE=>moduleID:module_id_7
telepointerGO.js:2338 darin@gmail.com =>MODULE_CONFIG_CHANGE=>moduleID:module_id_7
telepointerGO.js:2338 darin@gmail.com =>MODULE_CONFIG_CHANGE=>moduleID:module_id_7
telepointerGO.js:2338 darin@gmail.com =>MODULE_CONFIG_CHANGE=>moduleID:module_id_7
telepointerGO.js:2338 darin@gmail.com =>MODULE_CONFIG_CHANGE=>moduleID:module_id_7
telepointerGO.js:2338 darin@gmail.com =>MODULE_CONFIG_CHANGE=>moduleID:module_id_7
telepointerGO.js:2338 darin@gmail.com =>MODULE_CONFIG_CHANGE=>moduleID:module_id_7
telepointerGO.js:2338 darin@gmail.com =>MODULE_CONFIG_CHANGE=>moduleID:module_id_7
telepointerGO.js:2338 darin@gmail.com =>MODULE_CONFIG_CHANGE=>moduleID:module_id_7
telepointerGO.js:2338 darin@gmail.com =>MODULE_CONFIG_CHANGE=>moduleID:module_id_7
telepointerGO.js:2338 darin@gmail.com =>MODULE_CONFIG_CHANGE=>moduleID:module_id_7
telepointerGO.js:2338 darin@gmail.com =>MODULE_CONFIG_CHANGE=>moduleID:module_id_7
telepointerGO.js:2338 darin@gmail.com =>MODULE_CONFIG_CHANGE=>moduleID:module_id_7
telepointerGO.js:2338 darin@gmail.com =>MODULE_CONFIG_CHANGE=>moduleID:module_id_7
telepointerGO.js:2338 darin@gmail.com =>MODULE_CONFIG_CHANGE=>moduleID:module_id_7
telepointerGO.js:2338 darin@gmail.com =>MODULE_CONFIG_CHANGE=>moduleID:module_id_7
telepointerGO.js:2338 darin@gmail.com =>MODULE_CONFIG_CHANGE=>moduleID:module_id_7
telepointerGO.js:2338 darin@gmail.com =>MODULE_CONFIG_CHANGE=>moduleID:module_id_7
telepointerGO.js:2338 darin@gmail.com =>MODULE_CONFIG_CHANGE=>moduleID:module_id_7
telepointerGO.js:2338 darin@gmail.com =>MODULE_CONFIG_CHANGE=>moduleID:module_id_7
telepointerGO.js:2338 darin@gmail.com =>MODULE_CONFIG_CHANGE=>moduleID:module_id_7
telepointerGO.js:2338 darin@gmail.com =>MODULE_CONFIG_CHANGE=>moduleID:module_id_7
telepointerGO.js:2338 darin@gmail.com =>MODULE_CONFIG_CHANGE=>moduleID:module_id_7
telepointerGO.js:2338 darin@gmail.com =>MODULE_CONFIG_CHANGE=>moduleID:module_id_7
telepointerGO.js:2338 darin@gmail.com =>MODULE_CONFIG_CHANGE=>moduleID:module_id_7
telepointerGO.js:2338 darin@gmail.com =>MODULE_CONFIG_CHANGE=>moduleID:module_id_7
telepointerGO.js:2338 darin@gmail.com =>MODULE_CONFIG_CHANGE=>moduleID:module_id_7
telepointerGO.js:2338 darin@gmail.com =>MODULE_CONFIG_CHANGE=>moduleID:module_id_7
telepointerGO.js:2338 darin@gmail.com =>MODULE_CONFIG_CHANGE=>moduleID:module_id_7
telepointerGO.js:2338 darin@gmail.com =>MODULE_CONFIG_CHANGE=>moduleID:module_id_7
telepointerGO.js:2338 darin@gmail.com =>MODULE_CONFIG_CHANGE=>moduleID:module_id_7
telepointerGO.js:2338 darin@gmail.com =>MODULE_CONFIG_CHANGE=>moduleID:module_id_7
telepointerGO.js:2338 darin@gmail.com =>MODULE_CONFIG_CHANGE=>moduleID:module_id_7
telepointerGO.js:2338 darin@gmail.com =>MODULE_CONFIG_CHANGE=>moduleID:module_id_7
telepointerGO.js:2338 darin@gmail.com =>MODULE_CONFIG_CHANGE=>moduleID:module_id_7
telepointerGO.js:2338 darin@gmail.com =>MODULE_CONFIG_CHANGE=>moduleID:module_id_7
telepointerGO.js:2338 darin@gmail.com =>MODULE_CONFIG_CHANGE=>moduleID:module_id_7
telepointerGO.js:2338 darin@gmail.com =>MODULE_CONFIG_CHANGE=>moduleID:module_id_7
telepointerGO.js:2338 darin@gmail.com =>MODULE_CONFIG_CHANGE=>moduleID:module_id_7
telepointerGO.js:2338 darin@gmail.com =>MODULE_CONFIG_CHANGE=>moduleID:module_id_7
telepointerGO.js:2338 darin@gmail.com =>MODULE_CONFIG_CHANGE=>moduleID:module_id_7
telepointerGO.js:2338 darin@gmail.com =>MODULE_CONFIG_CHANGE=>moduleID:module_id_7
telepointerGO.js:2338 darin@gmail.com =>MODULE_CONFIG_CHANGE=>moduleID:module_id_7
telepointerGO.js:2338 darin@gmail.com =>MODULE_CONFIG_CHANGE=>moduleID:module_id_7
telepointerGO.js:2338 darin@gmail.com =>MODULE_CONFIG_CHANGE=>moduleID:module_id_7
telepointerGO.js:2338 darin@gmail.com =>MODULE_CONFIG_CHANGE=>moduleID:module_id_7
telepointerGO.js:2338 darin@gmail.com =>MODULE_CONFIG_CHANGE=>moduleID:module_id_7
telepointerGO.js:2338 darin@gmail.com =>MODULE_CONFIG_CHANGE=>moduleID:module_id_7
telepointerGO.js:2338 darin@gmail.com =>MODULE_CONFIG_CHANGE=>moduleID:module_id_7
telepointerGO.js:2338 darin@gmail.com =>MODULE_CONFIG_CHANGE=>moduleID:module_id_7
telepointerGO.js:2338 darin@gmail.com =>MODULE_CONFIG_CHANGE=>moduleID:module_id_7
telepointerGO.js:309 darin@gmail.com =>BACKGROUND_SINGLE_CLICKED
telepointerGO.js:2338 darin@gmail.com =>MODULE_CONFIG_CHANGE=>moduleID:module_id_7
telepointerGO.js:2338 darin@gmail.com =>MODULE_CONFIG_CHANGE=>moduleID:module_id_7
telepointerGO.js:2338 darin@gmail.com =>MODULE_CONFIG_CHANGE=>moduleID:module_id_7
telepointerGO.js:2338 darin@gmail.com =>MODULE_CONFIG_CHANGE=>moduleID:module_id_7
telepointerGO.js:2338 darin@gmail.com =>MODULE_CONFIG_CHANGE=>moduleID:module_id_7
telepointerGO.js:2338 darin@gmail.com =>MODULE_CONFIG_CHANGE=>moduleID:module_id_7
telepointerGO.js:2338 darin@gmail.com =>MODULE_CONFIG_CHANGE=>moduleID:module_id_7
telepointerGO.js:2338 darin@gmail.com =>MODULE_CONFIG_CHANGE=>moduleID:module_id_7
telepointerGO.js:2338 darin@gmail.com =>MODULE_CONFIG_CHANGE=>moduleID:module_id_7
telepointerGO.js:2338 darin@gmail.com =>MODULE_CONFIG_CHANGE=>moduleID:module_id_7
telepointerGO.js:2338 darin@gmail.com =>MODULE_CONFIG_CHANGE=>moduleID:module_id_7
telepointerGO.js:2338 darin@gmail.com =>MODULE_CONFIG_CHANGE=>moduleID:module_id_7
telepointerGO.js:2338 darin@gmail.com =>MODULE_CONFIG_CHANGE=>moduleID:module_id_7
telepointerGO.js:2338 darin@gmail.com =>MODULE_CONFIG_CHANGE=>moduleID:module_id_7
telepointerGO.js:2338 darin@gmail.com =>MODULE_CONFIG_CHANGE=>moduleID:module_id_7
telepointerGO.js:2338 darin@gmail.com =>MODULE_CONFIG_CHANGE=>moduleID:module_id_7
telepointerGO.js:2338 darin@gmail.com =>MODULE_CONFIG_CHANGE=>moduleID:module_id_7
telepointerGO.js:383 darin@gmail.com =>DATALINK_ADDED=>from:module_id_6*frompid:output.txt*to:module_id_7*topid:velvet_hash.txt
telepointerGO.js:2338 darin@gmail.com =>MODULE_CONFIG_CHANGE=>moduleID:module_id_7
telepointerGO.js:2338 darin@gmail.com =>MODULE_CONFIG_CHANGE=>moduleID:module_id_7
telepointerGO.js:2338 darin@gmail.com =>MODULE_CONFIG_CHANGE=>moduleID:module_id_7
telepointerGO.js:2338 darin@gmail.com =>MODULE_CONFIG_CHANGE=>moduleID:module_id_7
telepointerGO.js:2338 darin@gmail.com =>MODULE_CONFIG_CHANGE=>moduleID:module_id_7
telepointerGO.js:2338 darin@gmail.com =>MODULE_CONFIG_CHANGE=>moduleID:module_id_7
telepointerGO.js:2338 darin@gmail.com =>MODULE_CONFIG_CHANGE=>moduleID:module_id_7
telepointerGO.js:2338 darin@gmail.com =>MODULE_CONFIG_CHANGE=>moduleID:module_id_7
telepointerGO.js:2338 darin@gmail.com =>MODULE_CONFIG_CHANGE=>moduleID:module_id_7
telepointerGO.js:2338 darin@gmail.com =>MODULE_CONFIG_CHANGE=>moduleID:module_id_7
telepointerGO.js:2338 darin@gmail.com =>MODULE_CONFIG_CHANGE=>moduleID:module_id_7
telepointerGO.js:2338 darin@gmail.com =>MODULE_CONFIG_CHANGE=>moduleID:module_id_7
telepointerGO.js:2338 darin@gmail.com =>MODULE_CONFIG_CHANGE=>moduleID:module_id_7
telepointerGO.js:2338 darin@gmail.com =>MODULE_CONFIG_CHANGE=>moduleID:module_id_7
telepointerGO.js:2338 darin@gmail.com =>MODULE_CONFIG_CHANGE=>moduleID:module_id_7
telepointerGO.js:2338 darin@gmail.com =>MODULE_CONFIG_CHANGE=>moduleID:module_id_7
telepointerGO.js:2338 darin@gmail.com =>MODULE_CONFIG_CHANGE=>moduleID:module_id_7
telepointerGO.js:2338 darin@gmail.com =>MODULE_CONFIG_CHANGE=>moduleID:module_id_7
telepointerGO.js:2338 darin@gmail.com =>MODULE_CONFIG_CHANGE=>moduleID:module_id_7
telepointerGO.js:2338 darin@gmail.com =>MODULE_CONFIG_CHANGE=>moduleID:module_id_7
telepointerGO.js:2338 darin@gmail.com =>MODULE_CONFIG_CHANGE=>moduleID:module_id_7
telepointerGO.js:2338 darin@gmail.com =>MODULE_CONFIG_CHANGE=>moduleID:module_id_7
telepointerGO.js:2338 darin@gmail.com =>MODULE_CONFIG_CHANGE=>moduleID:module_id_7
telepointerGO.js:2338 darin@gmail.com =>MODULE_CONFIG_CHANGE=>moduleID:module_id_7
telepointerGO.js:2338 darin@gmail.com =>MODULE_CONFIG_CHANGE=>moduleID:module_id_7
telepointerGO.js:2338 darin@gmail.com =>MODULE_CONFIG_CHANGE=>moduleID:module_id_7
telepointerGO.js:2338 darin@gmail.com =>MODULE_CONFIG_CHANGE=>moduleID:module_id_7
telepointerGO.js:2338 darin@gmail.com =>MODULE_CONFIG_CHANGE=>moduleID:module_id_7
telepointerGO.js:2338 darin@gmail.com =>MODULE_CONFIG_CHANGE=>moduleID:module_id_7
telepointerGO.js:2338 darin@gmail.com =>MODULE_CONFIG_CHANGE=>moduleID:module_id_7
telepointerGO.js:2338 darin@gmail.com =>MODULE_CONFIG_CHANGE=>moduleID:module_id_7
telepointerGO.js:2338 darin@gmail.com =>MODULE_CONFIG_CHANGE=>moduleID:module_id_7
telepointerGO.js:2338 darin@gmail.com =>MODULE_CONFIG_CHANGE=>moduleID:module_id_7
telepointerGO.js:2338 darin@gmail.com =>MODULE_CONFIG_CHANGE=>moduleID:module_id_7
telepointerGO.js:2338 darin@gmail.com =>MODULE_CONFIG_CHANGE=>moduleID:module_id_7
telepointerGO.js:2338 darin@gmail.com =>MODULE_CONFIG_CHANGE=>moduleID:module_id_7
telepointerGO.js:2338 darin@gmail.com =>MODULE_CONFIG_CHANGE=>moduleID:module_id_7
telepointerGO.js:2338 darin@gmail.com =>MODULE_CONFIG_CHANGE=>moduleID:module_id_7
telepointerGO.js:2338 darin@gmail.com =>MODULE_CONFIG_CHANGE=>moduleID:module_id_7
telepointerGO.js:2338 darin@gmail.com =>MODULE_CONFIG_CHANGE=>moduleID:module_id_7
telepointerGO.js:2338 darin@gmail.com =>MODULE_CONFIG_CHANGE=>moduleID:module_id_7
telepointerGO.js:2338 darin@gmail.com =>MODULE_CONFIG_CHANGE=>moduleID:module_id_7
telepointerGO.js:2338 darin@gmail.com =>MODULE_CONFIG_CHANGE=>moduleID:module_id_7
telepointerGO.js:2338 darin@gmail.com =>MODULE_CONFIG_CHANGE=>moduleID:module_id_7
telepointerGO.js:2338 darin@gmail.com =>MODULE_CONFIG_CHANGE=>moduleID:module_id_7
telepointerGO.js:2338 darin@gmail.com =>MODULE_CONFIG_CHANGE=>moduleID:module_id_7
telepointerGO.js:2338 darin@gmail.com =>MODULE_CONFIG_CHANGE=>moduleID:module_id_7
telepointerGO.js:2338 darin@gmail.com =>MODULE_CONFIG_CHANGE=>moduleID:module_id_7
telepointerGO.js:2338 darin@gmail.com =>MODULE_CONFIG_CHANGE=>moduleID:module_id_7
telepointerGO.js:2338 darin@gmail.com =>MODULE_CONFIG_CHANGE=>moduleID:module_id_7
telepointerGO.js:2338 darin@gmail.com =>MODULE_CONFIG_CHANGE=>moduleID:module_id_7
telepointerGO.js:2338 darin@gmail.com =>MODULE_CONFIG_CHANGE=>moduleID:module_id_7
telepointerGO.js:2338 darin@gmail.com =>MODULE_CONFIG_CHANGE=>moduleID:module_id_7
telepointerGO.js:2338 darin@gmail.com =>MODULE_CONFIG_CHANGE=>moduleID:module_id_7
telepointerGO.js:2338 darin@gmail.com =>MODULE_CONFIG_CHANGE=>moduleID:module_id_7
telepointerGO.js:2338 darin@gmail.com =>MODULE_CONFIG_CHANGE=>moduleID:module_id_7
telepointerGO.js:2338 darin@gmail.com =>MODULE_CONFIG_CHANGE=>moduleID:module_id_7
telepointerGO.js:2338 darin@gmail.com =>MODULE_CONFIG_CHANGE=>moduleID:module_id_7
telepointerGO.js:2338 darin@gmail.com =>MODULE_CONFIG_CHANGE=>moduleID:module_id_7
telepointerGO.js:2338 darin@gmail.com =>MODULE_CONFIG_CHANGE=>moduleID:module_id_7
telepointerGO.js:2338 darin@gmail.com =>MODULE_CONFIG_CHANGE=>moduleID:module_id_7
telepointerGO.js:2338 darin@gmail.com =>MODULE_CONFIG_CHANGE=>moduleID:module_id_7
telepointerGO.js:2338 darin@gmail.com =>MODULE_CONFIG_CHANGE=>moduleID:module_id_7
telepointerGO.js:2338 darin@gmail.com =>MODULE_CONFIG_CHANGE=>moduleID:module_id_7
telepointerGO.js:2338 darin@gmail.com =>MODULE_CONFIG_CHANGE=>moduleID:module_id_7
telepointerGO.js:2338 darin@gmail.com =>MODULE_CONFIG_CHANGE=>moduleID:module_id_7
telepointerGO.js:2338 darin@gmail.com =>MODULE_CONFIG_CHANGE=>moduleID:module_id_7
telepointerGO.js:2338 darin@gmail.com =>MODULE_CONFIG_CHANGE=>moduleID:module_id_7
telepointerGO.js:2338 darin@gmail.com =>MODULE_CONFIG_CHANGE=>moduleID:module_id_7
telepointerGO.js:2338 darin@gmail.com =>MODULE_CONFIG_CHANGE=>moduleID:module_id_7
telepointerGO.js:2338 darin@gmail.com =>MODULE_CONFIG_CHANGE=>moduleID:module_id_7
telepointerGO.js:2338 darin@gmail.com =>MODULE_CONFIG_CHANGE=>moduleID:module_id_7
telepointerGO.js:1324 darin@gmail.com =>FLOOR_RELEASED
telepointerGO.js:318 darin@gmail.com =>MODULE_CONFIG_CLOSED
telepointerGO.js:3570 darin@gmail.com =>P2P_CHAT_SENT=>to:john_gmail_com*text:released floor
telepointerGO.js:3658 darin@gmail.com =>CHATBOX_OPENED=>chatWith:joe_gmail_com
telepointerGO.js:3671 darin@gmail.com =>CHATBOX_CLOSED=>chatWith:undefined
telepointerGO.js:3570 darin@gmail.com =>P2P_CHAT_SENT=>to:john_gmail_com*text:ekai sob korben ?
telepointerGO.js:1313 darin@gmail.com =>FLOOR_REQUESTED
telepointerGO.js:895 darin@gmail.com =>GOT_THE_FLOOR
telepointerGO.js:318 darin@gmail.com =>MODULE_CONFIG_CLOSED
telepointerGO.js:406 darin@gmail.com =>MODULE_MOVED=>key:module_id_8*x:-846.0736535883378*y:48.41804857150794
telepointerGO.js:406 darin@gmail.com =>MODULE_MOVED=>key:module_id_9*x:-463.8008530268297*y:59.45955676038568
telepointerGO.js:406 darin@gmail.com =>MODULE_MOVED=>key:module_id_10*x:-103.91013608418996*y:223.87501101879468
telepointerGO.js:406 darin@gmail.com =>MODULE_MOVED=>key:module_id_8*x:-846.0736535883378*y:256.668911124633
telepointerGO.js:406 darin@gmail.com =>MODULE_MOVED=>key:module_id_9*x:-472.2434555627673*y:146.69978296507315
telepointerGO.js:406 darin@gmail.com =>MODULE_MOVED=>key:module_id_10*x:-115.16693946544001*y:256.2383207398884
telepointerGO.js:406 darin@gmail.com =>MODULE_MOVED=>key:module_id_12*x:221.41293491530814*y:113.09273002821408
telepointerGO.js:3089 darin@gmail.com =>MODULE_ADDED=>module_id:13
telepointerGO.js:2338 darin@gmail.com =>MODULE_CONFIG_CHANGE=>moduleID:module_id_13
telepointerGO.js:2338 darin@gmail.com =>MODULE_CONFIG_CHANGE=>moduleID:module_id_13
telepointerGO.js:2338 darin@gmail.com =>MODULE_CONFIG_CHANGE=>moduleID:module_id_13
telepointerGO.js:406 darin@gmail.com =>MODULE_MOVED=>key:module_id_13*x:381.324214539844*y:-46.43431394765622
telepointerGO.js:406 darin@gmail.com =>MODULE_MOVED=>key:module_id_13*x:627.566788504688*y:109.75383296718763
telepointerGO.js:2338 darin@gmail.com =>MODULE_CONFIG_CHANGE=>moduleID:module_id_13
telepointerGO.js:383 darin@gmail.com =>DATALINK_ADDED=>from:module_id_12*frompid:output_file.txt*to:module_id_13*topid:fastq_file.txt
telepointerGO.js:406 darin@gmail.com =>MODULE_MOVED=>key:module_id_13*x:568.4685707531255*y:213.87926424375013
telepointerGO.js:3089 darin@gmail.com =>MODULE_ADDED=>module_id:14
telepointerGO.js:2338 darin@gmail.com =>MODULE_CONFIG_CHANGE=>moduleID:module_id_14
telepointerGO.js:2338 darin@gmail.com =>MODULE_CONFIG_CHANGE=>moduleID:module_id_14
telepointerGO.js:2338 darin@gmail.com =>MODULE_CONFIG_CHANGE=>moduleID:module_id_14
telepointerGO.js:406 darin@gmail.com =>MODULE_MOVED=>key:module_id_14*x:543.1407631453127*y:-18.292305494531263
telepointerGO.js:406 darin@gmail.com =>MODULE_MOVED=>key:module_id_14*x:766.8697303476566*y:33.770410143749984
telepointerGO.js:406 darin@gmail.com =>MODULE_MOVED=>key:module_id_14*x:856.9241573976566*y:33.770410143749984
telepointerGO.js:406 darin@gmail.com =>MODULE_MOVED=>key:module_id_14*x:932.907580221094*y:77.39052324609378
telepointerGO.js:2338 darin@gmail.com =>MODULE_CONFIG_CHANGE=>moduleID:module_id_14
telepointerGO.js:383 darin@gmail.com =>DATALINK_ADDED=>from:module_id_13*frompid:output_file.txt*to:module_id_14*topid:fastq_file_to_convert.txt
telepointerGO.js:406 darin@gmail.com =>MODULE_MOVED=>key:module_id_14*x:923.0578772625003*y:109.75383296718752
telepointerGO.js:1324 darin@gmail.com =>FLOOR_RELEASED
telepointerGO.js:318 darin@gmail.com =>MODULE_CONFIG_CLOSED
